#
# There is insufficient memory for the Java Runtime Environment to continue.
# Native memory allocation (malloc) failed to allocate 687696 bytes for Chunk::new
# Possible reasons:
#   The system is out of physical RAM or swap space
#   The process is running with CompressedOops enabled, and the Java Heap may be blocking the growth of the native heap
# Possible solutions:
#   Reduce memory load on the system
#   Increase physical memory or swap space
#   Check if swap backing store is full
#   Decrease Java heap size (-Xmx/-Xms)
#   Decrease number of Java threads
#   Decrease Java thread stack sizes (-Xss)
#   Set larger code cache with -XX:ReservedCodeCacheSize=
#   JVM is running with Unscaled Compressed Oops mode in which the Java heap is
#     placed in the first 4GB address space. The Java Heap base address is the
#     maximum limit for the native heap growth. Please use -XX:HeapBaseMinAddress
#     to set the Java Heap base and to place the Java Heap above 4GB virtual address.
# This output file may be truncated or incomplete.
#
#  Out of Memory Error (./src/hotspot/share/memory/arena.cpp:197), pid=21664, tid=19428
#
# JRE version: OpenJDK Runtime Environment (11.0.12+7) (build 11.0.12+7-b1504.28-7817840)
# Java VM: OpenJDK 64-Bit Server VM (11.0.12+7-b1504.28-7817840, mixed mode, tiered, compressed oops, g1 gc, windows-amd64)
# No core dump will be written. Minidumps are not enabled by default on client versions of Windows
#

---------------  S U M M A R Y ------------

Command Line: --add-opens=java.base/java.util=ALL-UNNAMED --add-opens=java.base/java.lang=ALL-UNNAMED --add-opens=java.base/java.lang.invoke=ALL-UNNAMED --add-opens=java.base/java.util=ALL-UNNAMED --add-opens=java.prefs/java.util.prefs=ALL-UNNAMED --add-opens=java.prefs/java.util.prefs=ALL-UNNAMED --add-opens=java.base/java.nio.charset=ALL-UNNAMED --add-opens=java.base/java.net=ALL-UNNAMED --add-opens=java.base/java.util.concurrent.atomic=ALL-UNNAMED -Xmx2048m -Dfile.encoding=UTF-8 -Duser.country=US -Duser.language=en -Duser.variant org.gradle.launcher.daemon.bootstrap.GradleDaemon 7.3.3

Host: Intel(R) Core(TM) i7-6600U CPU @ 2.60GHz, 4 cores, 15G,  Windows 10 , 64 bit Build 19041 (10.0.19041.1706)
Time: Wed Jun  1 20:15:48 2022 Egypt Standard Time elapsed time: 34.631870 seconds (0d 0h 0m 34s)

---------------  T H R E A D  ---------------

Current thread (0x00000271b3633000):  JavaThread "C2 CompilerThread0" daemon [_thread_in_native, id=19428, stack(0x000000a7fd400000,0x000000a7fd500000)]


Current CompileTask:
C2:  34631 5506       4       java.lang.PublicMethods::merge (81 bytes)

Stack: [0x000000a7fd400000,0x000000a7fd500000]
Native frames: (J=compiled Java code, j=interpreted, Vv=VM code, C=native code)
V  [jvm.dll+0x5fbcea]
V  [jvm.dll+0x731905]
V  [jvm.dll+0x732f1d]
V  [jvm.dll+0x7335d3]
V  [jvm.dll+0x247bf8]
V  [jvm.dll+0xc018c]
V  [jvm.dll+0xc06cc]
V  [jvm.dll+0x35b2db]
V  [jvm.dll+0x328803]
V  [jvm.dll+0x327cfa]
V  [jvm.dll+0x200602]
V  [jvm.dll+0x1ff794]
V  [jvm.dll+0x18868c]
V  [jvm.dll+0x20e0d7]
V  [jvm.dll+0x20c901]
V  [jvm.dll+0x6f9b7f]
V  [jvm.dll+0x6f26a5]
V  [jvm.dll+0x5fabf6]
C  [ucrtbase.dll+0x21bb2]
C  [KERNEL32.DLL+0x17034]
C  [ntdll.dll+0x52651]


---------------  P R O C E S S  ---------------

Threads class SMR info:
_java_thread_list=0x00000271b6a84a00, length=78, elements={
0x000002719916b000, 0x00000271b2d9e000, 0x00000271b35cf000, 0x00000271b362c000,
0x00000271b362d000, 0x00000271b362f000, 0x00000271b3633000, 0x00000271b364f800,
0x00000271b36ac800, 0x00000271b3796800, 0x00000271b44f6000, 0x00000271b5031800,
0x00000271b634e000, 0x00000271b5a3e800, 0x00000271b5267800, 0x00000271b5a8f800,
0x00000271b54fe800, 0x00000271b4c51800, 0x00000271b494d000, 0x00000271b5a43800,
0x00000271b5a49800, 0x00000271b5a45000, 0x00000271b5a47000, 0x00000271b5a44800,
0x00000271b5a46000, 0x00000271b5a47800, 0x00000271b5a48800, 0x00000271b5a4a000,
0x00000271b45cb800, 0x00000271b45d2000, 0x00000271b45d3000, 0x00000271b45cf800,
0x00000271b45d0800, 0x00000271b45d6000, 0x00000271b45d3800, 0x00000271b45d1000,
0x00000271b45d7000, 0x00000271b45d7800, 0x00000271b45d5800, 0x00000271b45d8800,
0x00000271b45d9800, 0x00000271b45da000, 0x00000271b45d4800, 0x00000271b5696800,
0x00000271b5698800, 0x00000271b5696000, 0x00000271b5695000, 0x00000271b5693800,
0x00000271b5697800, 0x00000271b5692800, 0x00000271b5699000, 0x00000271b569a000,
0x00000271b5694000, 0x00000271b569d000, 0x00000271b569f800, 0x00000271b56a0800,
0x00000271b569a800, 0x00000271b569c800, 0x00000271b569e000, 0x00000271b569f000,
0x00000271b569b800, 0x00000271b56a1800, 0x00000271b6b45000, 0x00000271b6b43000,
0x00000271b6b42800, 0x00000271b6b41800, 0x00000271b6b41000, 0x00000271b6b3f000,
0x00000271b6b44000, 0x00000271b6b45800, 0x00000271b6b40000, 0x00000271b6b49800,
0x00000271b6b49000, 0x00000271b6b48000, 0x00000271b6b4c000, 0x00000271b6b46800,
0x00000271b6b4d000, 0x00000271b6b47800
}

Java Threads: ( => current thread )
  0x000002719916b000 JavaThread "main" [_thread_blocked, id=9288, stack(0x000000a7fc800000,0x000000a7fc900000)]
  0x00000271b2d9e000 JavaThread "Reference Handler" daemon [_thread_blocked, id=5340, stack(0x000000a7fcf00000,0x000000a7fd000000)]
  0x00000271b35cf000 JavaThread "Finalizer" daemon [_thread_blocked, id=8460, stack(0x000000a7fd000000,0x000000a7fd100000)]
  0x00000271b362c000 JavaThread "Signal Dispatcher" daemon [_thread_blocked, id=10120, stack(0x000000a7fd100000,0x000000a7fd200000)]
  0x00000271b362d000 JavaThread "Attach Listener" daemon [_thread_blocked, id=16624, stack(0x000000a7fd200000,0x000000a7fd300000)]
  0x00000271b362f000 JavaThread "Service Thread" daemon [_thread_blocked, id=1008, stack(0x000000a7fd300000,0x000000a7fd400000)]
=>0x00000271b3633000 JavaThread "C2 CompilerThread0" daemon [_thread_in_native, id=19428, stack(0x000000a7fd400000,0x000000a7fd500000)]
  0x00000271b364f800 JavaThread "C1 CompilerThread0" daemon [_thread_blocked, id=4688, stack(0x000000a7fd500000,0x000000a7fd600000)]
  0x00000271b36ac800 JavaThread "Sweeper thread" daemon [_thread_blocked, id=12876, stack(0x000000a7fd600000,0x000000a7fd700000)]
  0x00000271b3796800 JavaThread "Common-Cleaner" daemon [_thread_blocked, id=12468, stack(0x000000a7fd700000,0x000000a7fd800000)]
  0x00000271b44f6000 JavaThread "Daemon health stats" [_thread_blocked, id=16332, stack(0x000000a7fdd00000,0x000000a7fde00000)]
  0x00000271b5031800 JavaThread "Incoming local TCP Connector on port 59207" [_thread_in_native, id=10088, stack(0x000000a7fdc00000,0x000000a7fdd00000)]
  0x00000271b634e000 JavaThread "Daemon periodic checks" [_thread_blocked, id=22012, stack(0x000000a7fde00000,0x000000a7fdf00000)]
  0x00000271b5a3e800 JavaThread "Daemon" [_thread_blocked, id=5288, stack(0x000000a7fdf00000,0x000000a7fe000000)]
  0x00000271b5267800 JavaThread "Handler for socket connection from /127.0.0.1:59207 to /127.0.0.1:59208" [_thread_in_native, id=10312, stack(0x000000a7fe000000,0x000000a7fe100000)]
  0x00000271b5a8f800 JavaThread "Cancel handler" [_thread_blocked, id=6900, stack(0x000000a7fe100000,0x000000a7fe200000)]
  0x00000271b54fe800 JavaThread "Daemon worker" [_thread_in_vm, id=14984, stack(0x000000a7fe200000,0x000000a7fe300000)]
  0x00000271b4c51800 JavaThread "Asynchronous log dispatcher for DefaultDaemonConnection: socket connection from /127.0.0.1:59207 to /127.0.0.1:59208" [_thread_blocked, id=7620, stack(0x000000a7fe300000,0x000000a7fe400000)]
  0x00000271b494d000 JavaThread "Stdin handler" [_thread_blocked, id=14244, stack(0x000000a7fe400000,0x000000a7fe500000)]
  0x00000271b5a43800 JavaThread "Daemon client event forwarder" [_thread_blocked, id=1056, stack(0x000000a7fe500000,0x000000a7fe600000)]
  0x00000271b5a49800 JavaThread "Cache worker for journal cache (C:\Users\alaae\.gradle\caches\journal-1)" [_thread_blocked, id=23428, stack(0x000000a7fe600000,0x000000a7fe700000)]
  0x00000271b5a45000 JavaThread "File lock request listener" [_thread_in_native, id=21720, stack(0x000000a7fe700000,0x000000a7fe800000)]
  0x00000271b5a47000 JavaThread "Cache worker for file hash cache (C:\Users\alaae\.gradle\caches\7.3.3\fileHashes)" [_thread_blocked, id=12472, stack(0x000000a7fe800000,0x000000a7fe900000)]
  0x00000271b5a44800 JavaThread "Cache worker for file hash cache (C:\Users\alaae\AndroidStudioProjects\BostaTask\.gradle\7.3.3\fileHashes)" [_thread_blocked, id=9916, stack(0x000000a7fe900000,0x000000a7fea00000)]
  0x00000271b5a46000 JavaThread "File watcher server" daemon [_thread_in_native, id=15508, stack(0x000000a7fea00000,0x000000a7feb00000)]
  0x00000271b5a47800 JavaThread "File watcher consumer" daemon [_thread_blocked, id=13120, stack(0x000000a7feb00000,0x000000a7fec00000)]
  0x00000271b5a48800 JavaThread "Cache worker for checksums cache (C:\Users\alaae\AndroidStudioProjects\BostaTask\.gradle\7.3.3\checksums)" [_thread_blocked, id=19340, stack(0x000000a7fec00000,0x000000a7fed00000)]
  0x00000271b5a4a000 JavaThread "Cache worker for cache directory md-supplier (C:\Users\alaae\.gradle\caches\7.3.3\md-supplier)" [_thread_blocked, id=5032, stack(0x000000a7fed00000,0x000000a7fee00000)]
  0x00000271b45cb800 JavaThread "Cache worker for cache directory md-rule (C:\Users\alaae\.gradle\caches\7.3.3\md-rule)" [_thread_blocked, id=7232, stack(0x000000a7fee00000,0x000000a7fef00000)]
  0x00000271b45d2000 JavaThread "Cache worker for execution history cache (C:\Users\alaae\.gradle\caches\7.3.3\executionHistory)" [_thread_blocked, id=14148, stack(0x000000a7fef00000,0x000000a7ff000000)]
  0x00000271b45d3000 JavaThread "jar transforms" [_thread_blocked, id=2956, stack(0x000000a7ff000000,0x000000a7ff100000)]
  0x00000271b45cf800 JavaThread "Cache worker for file content cache (C:\Users\alaae\.gradle\caches\7.3.3\fileContent)" [_thread_blocked, id=8496, stack(0x000000a7ff100000,0x000000a7ff200000)]
  0x00000271b45d0800 JavaThread "jar transforms Thread 2" [_thread_blocked, id=14796, stack(0x000000a7ff200000,0x000000a7ff300000)]
  0x00000271b45d6000 JavaThread "Cache worker for dependencies-accessors (C:\Users\alaae\AndroidStudioProjects\BostaTask\.gradle\7.3.3\dependencies-accessors)" [_thread_blocked, id=15904, stack(0x000000a7ff300000,0x000000a7ff400000)]
  0x00000271b45d3800 JavaThread "jar transforms Thread 3" [_thread_blocked, id=12340, stack(0x000000a7ff400000,0x000000a7ff500000)]
  0x00000271b45d1000 JavaThread "Cache worker for Build Output Cleanup Cache (C:\Users\alaae\AndroidStudioProjects\BostaTask\.gradle\buildOutputCleanup)" [_thread_blocked, id=6468, stack(0x000000a7ff500000,0x000000a7ff600000)]
  0x00000271b45d7000 JavaThread "Unconstrained build operations" [_thread_blocked, id=22792, stack(0x000000a7ff600000,0x000000a7ff700000)]
  0x00000271b45d7800 JavaThread "Unconstrained build operations Thread 2" [_thread_blocked, id=8900, stack(0x000000a7ff700000,0x000000a7ff800000)]
  0x00000271b45d5800 JavaThread "Unconstrained build operations Thread 3" [_thread_blocked, id=18616, stack(0x000000a7ff800000,0x000000a7ff900000)]
  0x00000271b45d8800 JavaThread "Unconstrained build operations Thread 4" [_thread_blocked, id=16672, stack(0x000000a7ff900000,0x000000a7ffa00000)]
  0x00000271b45d9800 JavaThread "Unconstrained build operations Thread 5" [_thread_blocked, id=23400, stack(0x000000a7ffa00000,0x000000a7ffb00000)]
  0x00000271b45da000 JavaThread "Unconstrained build operations Thread 6" [_thread_blocked, id=12060, stack(0x000000a7ffb00000,0x000000a7ffc00000)]
  0x00000271b45d4800 JavaThread "Unconstrained build operations Thread 7" [_thread_blocked, id=4124, stack(0x000000a7ffc00000,0x000000a7ffd00000)]
  0x00000271b5696800 JavaThread "Unconstrained build operations Thread 8" [_thread_blocked, id=17472, stack(0x000000a7ffd00000,0x000000a7ffe00000)]
  0x00000271b5698800 JavaThread "Unconstrained build operations Thread 9" [_thread_blocked, id=22988, stack(0x000000a7ffe00000,0x000000a7fff00000)]
  0x00000271b5696000 JavaThread "Unconstrained build operations Thread 10" [_thread_blocked, id=23388, stack(0x000000a7fff00000,0x000000a800000000)]
  0x00000271b5695000 JavaThread "Unconstrained build operations Thread 11" [_thread_blocked, id=4812, stack(0x000000a780000000,0x000000a780100000)]
  0x00000271b5693800 JavaThread "Unconstrained build operations Thread 12" [_thread_blocked, id=16948, stack(0x000000a780100000,0x000000a780200000)]
  0x00000271b5697800 JavaThread "Unconstrained build operations Thread 13" [_thread_blocked, id=13460, stack(0x000000a780200000,0x000000a780300000)]
  0x00000271b5692800 JavaThread "Unconstrained build operations Thread 14" [_thread_blocked, id=216, stack(0x000000a780300000,0x000000a780400000)]
  0x00000271b5699000 JavaThread "Unconstrained build operations Thread 15" [_thread_blocked, id=18724, stack(0x000000a780400000,0x000000a780500000)]
  0x00000271b569a000 JavaThread "Unconstrained build operations Thread 16" [_thread_blocked, id=10876, stack(0x000000a780500000,0x000000a780600000)]
  0x00000271b5694000 JavaThread "Unconstrained build operations Thread 17" [_thread_blocked, id=5560, stack(0x000000a780600000,0x000000a780700000)]
  0x00000271b569d000 JavaThread "Unconstrained build operations Thread 18" [_thread_blocked, id=12180, stack(0x000000a780700000,0x000000a780800000)]
  0x00000271b569f800 JavaThread "Unconstrained build operations Thread 19" [_thread_blocked, id=5928, stack(0x000000a780800000,0x000000a780900000)]
  0x00000271b56a0800 JavaThread "Unconstrained build operations Thread 20" [_thread_blocked, id=400, stack(0x000000a780900000,0x000000a780a00000)]
  0x00000271b569a800 JavaThread "Unconstrained build operations Thread 21" [_thread_blocked, id=600, stack(0x000000a780a00000,0x000000a780b00000)]
  0x00000271b569c800 JavaThread "Unconstrained build operations Thread 22" [_thread_blocked, id=21900, stack(0x000000a780b00000,0x000000a780c00000)]
  0x00000271b569e000 JavaThread "Unconstrained build operations Thread 23" [_thread_blocked, id=19708, stack(0x000000a780c00000,0x000000a780d00000)]
  0x00000271b569f000 JavaThread "Unconstrained build operations Thread 24" [_thread_blocked, id=5952, stack(0x000000a780d00000,0x000000a780e00000)]
  0x00000271b569b800 JavaThread "Unconstrained build operations Thread 25" [_thread_blocked, id=6956, stack(0x000000a780e00000,0x000000a780f00000)]
  0x00000271b56a1800 JavaThread "Unconstrained build operations Thread 26" [_thread_blocked, id=21676, stack(0x000000a780f00000,0x000000a781000000)]
  0x00000271b6b45000 JavaThread "Unconstrained build operations Thread 27" [_thread_blocked, id=21944, stack(0x000000a781000000,0x000000a781100000)]
  0x00000271b6b43000 JavaThread "Unconstrained build operations Thread 28" [_thread_blocked, id=3232, stack(0x000000a781100000,0x000000a781200000)]
  0x00000271b6b42800 JavaThread "Unconstrained build operations Thread 29" [_thread_blocked, id=16308, stack(0x000000a781200000,0x000000a781300000)]
  0x00000271b6b41800 JavaThread "Unconstrained build operations Thread 30" [_thread_blocked, id=5712, stack(0x000000a781300000,0x000000a781400000)]
  0x00000271b6b41000 JavaThread "Unconstrained build operations Thread 31" [_thread_blocked, id=2996, stack(0x000000a781400000,0x000000a781500000)]
  0x00000271b6b3f000 JavaThread "Unconstrained build operations Thread 32" [_thread_blocked, id=7624, stack(0x000000a781500000,0x000000a781600000)]
  0x00000271b6b44000 JavaThread "Unconstrained build operations Thread 33" [_thread_blocked, id=16700, stack(0x000000a781600000,0x000000a781700000)]
  0x00000271b6b45800 JavaThread "Unconstrained build operations Thread 34" [_thread_blocked, id=14476, stack(0x000000a781700000,0x000000a781800000)]
  0x00000271b6b40000 JavaThread "Unconstrained build operations Thread 35" [_thread_blocked, id=18936, stack(0x000000a781800000,0x000000a781900000)]
  0x00000271b6b49800 JavaThread "Unconstrained build operations Thread 36" [_thread_blocked, id=11444, stack(0x000000a781900000,0x000000a781a00000)]
  0x00000271b6b49000 JavaThread "Unconstrained build operations Thread 37" [_thread_blocked, id=15624, stack(0x000000a781a00000,0x000000a781b00000)]
  0x00000271b6b48000 JavaThread "Unconstrained build operations Thread 38" [_thread_blocked, id=3260, stack(0x000000a781b00000,0x000000a781c00000)]
  0x00000271b6b4c000 JavaThread "Unconstrained build operations Thread 39" [_thread_blocked, id=18188, stack(0x000000a781c00000,0x000000a781d00000)]
  0x00000271b6b46800 JavaThread "Unconstrained build operations Thread 40" [_thread_blocked, id=5972, stack(0x000000a781d00000,0x000000a781e00000)]
  0x00000271b6b4d000 JavaThread "jar transforms Thread 4" [_thread_blocked, id=6620, stack(0x000000a781e00000,0x000000a781f00000)]
  0x00000271b6b47800 JavaThread "C2 CompilerThread1" daemon [_thread_blocked, id=6788, stack(0x000000a781f00000,0x000000a782000000)]

Other Threads:
  0x00000271b2d9a000 VMThread "VM Thread" [stack: 0x000000a7fce00000,0x000000a7fcf00000] [id=15084]
  0x00000271b37bb800 WatcherThread [stack: 0x000000a7fd800000,0x000000a7fd900000] [id=9056]
  0x0000027199183800 GCTaskThread "GC Thread#0" [stack: 0x000000a7fc900000,0x000000a7fca00000] [id=16480]
  0x00000271b40ea800 GCTaskThread "GC Thread#1" [stack: 0x000000a7fd900000,0x000000a7fda00000] [id=2700]
  0x00000271b40bf800 GCTaskThread "GC Thread#2" [stack: 0x000000a7fda00000,0x000000a7fdb00000] [id=16356]
  0x00000271b4121000 GCTaskThread "GC Thread#3" [stack: 0x000000a7fdb00000,0x000000a7fdc00000] [id=20100]
  0x00000271991b3000 ConcurrentGCThread "G1 Main Marker" [stack: 0x000000a7fca00000,0x000000a7fcb00000] [id=17720]
  0x00000271991b4800 ConcurrentGCThread "G1 Conc#0" [stack: 0x000000a7fcb00000,0x000000a7fcc00000] [id=17568]
  0x000002719923e800 ConcurrentGCThread "G1 Refine#0" [stack: 0x000000a7fcc00000,0x000000a7fcd00000] [id=1576]
  0x00000271b2c0e800 ConcurrentGCThread "G1 Young RemSet Sampling" [stack: 0x000000a7fcd00000,0x000000a7fce00000] [id=3228]

Threads with active compile tasks:
C2 CompilerThread0  34680 5506       4       java.lang.PublicMethods::merge (81 bytes)

VM state:not at safepoint (normal execution)

VM Mutex/Monitor currently owned by a thread: None

Heap address: 0x0000000080000000, size: 2048 MB, Compressed Oops mode: 32-bit
Narrow klass base: 0x0000000000000000, Narrow klass shift: 3
Compressed class space size: 1073741824 Address: 0x0000000100000000

Heap:
 garbage-first heap   total 262144K, used 99318K [0x0000000080000000, 0x0000000100000000)
  region size 1024K, 75 young (76800K), 15 survivors (15360K)
 Metaspace       used 49157K, capacity 50291K, committed 50508K, reserved 1093632K
  class space    used 6265K, capacity 6685K, committed 6732K, reserved 1048576K
Heap Regions: E=young(eden), S=young(survivor), O=old, HS=humongous(starts), HC=humongous(continues), CS=collection set, F=free, A=archive, TAMS=top-at-mark-start (previous, next)
|   0|0x0000000080000000, 0x0000000080100000, 0x0000000080100000|100%| O|  |TAMS 0x0000000080100000, 0x0000000080000000| Untracked 
|   1|0x0000000080100000, 0x0000000080200000, 0x0000000080200000|100%| O|  |TAMS 0x0000000080200000, 0x0000000080100000| Untracked 
|   2|0x0000000080200000, 0x0000000080300000, 0x0000000080300000|100%| O|  |TAMS 0x0000000080300000, 0x0000000080200000| Untracked 
|   3|0x0000000080300000, 0x0000000080400000, 0x0000000080400000|100%|HS|  |TAMS 0x0000000080400000, 0x0000000080300000| Complete 
|   4|0x0000000080400000, 0x0000000080500000, 0x0000000080500000|100%|HC|  |TAMS 0x0000000080500000, 0x0000000080400000| Complete 
|   5|0x0000000080500000, 0x0000000080600000, 0x0000000080600000|100%|HC|  |TAMS 0x0000000080600000, 0x0000000080500000| Complete 
|   6|0x0000000080600000, 0x0000000080700000, 0x0000000080700000|100%| O|  |TAMS 0x0000000080700000, 0x0000000080600000| Untracked 
|   7|0x0000000080700000, 0x0000000080800000, 0x0000000080800000|100%| O|  |TAMS 0x0000000080800000, 0x0000000080700000| Untracked 
|   8|0x0000000080800000, 0x0000000080900000, 0x0000000080900000|100%| O|  |TAMS 0x0000000080900000, 0x0000000080800000| Untracked 
|   9|0x0000000080900000, 0x0000000080a00000, 0x0000000080a00000|100%| O|  |TAMS 0x0000000080a00000, 0x0000000080900000| Untracked 
|  10|0x0000000080a00000, 0x0000000080b00000, 0x0000000080b00000|100%| O|  |TAMS 0x0000000080b00000, 0x0000000080a00000| Untracked 
|  11|0x0000000080b00000, 0x0000000080c00000, 0x0000000080c00000|100%| O|  |TAMS 0x0000000080c00000, 0x0000000080b00000| Untracked 
|  12|0x0000000080c00000, 0x0000000080d00000, 0x0000000080d00000|100%| O|  |TAMS 0x0000000080d00000, 0x0000000080c00000| Untracked 
|  13|0x0000000080d00000, 0x0000000080e00000, 0x0000000080e00000|100%| O|  |TAMS 0x0000000080e00000, 0x0000000080d00000| Untracked 
|  14|0x0000000080e00000, 0x0000000080f00000, 0x0000000080f00000|100%| O|  |TAMS 0x0000000080f00000, 0x0000000080e00000| Untracked 
|  15|0x0000000080f00000, 0x0000000080f87c00, 0x0000000081000000| 53%| O|  |TAMS 0x0000000080f87c00, 0x0000000080f00000| Untracked 
|  16|0x0000000081000000, 0x0000000081100000, 0x0000000081100000|100%|HS|  |TAMS 0x0000000081000000, 0x0000000081000000| Complete 
|  17|0x0000000081100000, 0x0000000081200000, 0x0000000081200000|100%|HS|  |TAMS 0x0000000081100000, 0x0000000081100000| Complete 
|  18|0x0000000081200000, 0x0000000081300000, 0x0000000081300000|100%|HS|  |TAMS 0x0000000081200000, 0x0000000081200000| Complete 
|  19|0x0000000081300000, 0x0000000081400000, 0x0000000081400000|100%|HS|  |TAMS 0x0000000081300000, 0x0000000081300000| Complete 
|  20|0x0000000081400000, 0x0000000081500000, 0x0000000081500000|100%|HC|  |TAMS 0x0000000081400000, 0x0000000081400000| Complete 
|  21|0x0000000081500000, 0x0000000081600000, 0x0000000081600000|100%|HC|  |TAMS 0x0000000081500000, 0x0000000081500000| Complete 
|  22|0x0000000081600000, 0x0000000081700000, 0x0000000081700000|100%|HS|  |TAMS 0x0000000081600000, 0x0000000081600000| Complete 
|  23|0x0000000081700000, 0x0000000081800000, 0x0000000081800000|100%|HC|  |TAMS 0x0000000081700000, 0x0000000081700000| Complete 
|  24|0x0000000081800000, 0x0000000081800000, 0x0000000081900000|  0%| F|  |TAMS 0x0000000081800000, 0x0000000081800000| Untracked 
|  25|0x0000000081900000, 0x0000000081900000, 0x0000000081a00000|  0%| F|  |TAMS 0x0000000081900000, 0x0000000081900000| Untracked 
|  26|0x0000000081a00000, 0x0000000081a00000, 0x0000000081b00000|  0%| F|  |TAMS 0x0000000081a00000, 0x0000000081a00000| Untracked 
|  27|0x0000000081b00000, 0x0000000081b00000, 0x0000000081c00000|  0%| F|  |TAMS 0x0000000081b00000, 0x0000000081b00000| Untracked 
|  28|0x0000000081c00000, 0x0000000081c00000, 0x0000000081d00000|  0%| F|  |TAMS 0x0000000081c00000, 0x0000000081c00000| Untracked 
|  29|0x0000000081d00000, 0x0000000081d00000, 0x0000000081e00000|  0%| F|  |TAMS 0x0000000081d00000, 0x0000000081d00000| Untracked 
|  30|0x0000000081e00000, 0x0000000081e00000, 0x0000000081f00000|  0%| F|  |TAMS 0x0000000081e00000, 0x0000000081e00000| Untracked 
|  31|0x0000000081f00000, 0x0000000081f00000, 0x0000000082000000|  0%| F|  |TAMS 0x0000000081f00000, 0x0000000081f00000| Untracked 
|  32|0x0000000082000000, 0x0000000082000000, 0x0000000082100000|  0%| F|  |TAMS 0x0000000082000000, 0x0000000082000000| Untracked 
|  33|0x0000000082100000, 0x0000000082100000, 0x0000000082200000|  0%| F|  |TAMS 0x0000000082100000, 0x0000000082100000| Untracked 
|  34|0x0000000082200000, 0x0000000082200000, 0x0000000082300000|  0%| F|  |TAMS 0x0000000082200000, 0x0000000082200000| Untracked 
|  35|0x0000000082300000, 0x0000000082300000, 0x0000000082400000|  0%| F|  |TAMS 0x0000000082300000, 0x0000000082300000| Untracked 
|  36|0x0000000082400000, 0x0000000082400000, 0x0000000082500000|  0%| F|  |TAMS 0x0000000082400000, 0x0000000082400000| Untracked 
|  37|0x0000000082500000, 0x0000000082500000, 0x0000000082600000|  0%| F|  |TAMS 0x0000000082500000, 0x0000000082500000| Untracked 
|  38|0x0000000082600000, 0x0000000082600000, 0x0000000082700000|  0%| F|  |TAMS 0x0000000082600000, 0x0000000082600000| Untracked 
|  39|0x0000000082700000, 0x0000000082700000, 0x0000000082800000|  0%| F|  |TAMS 0x0000000082700000, 0x0000000082700000| Untracked 
|  40|0x0000000082800000, 0x0000000082800000, 0x0000000082900000|  0%| F|  |TAMS 0x0000000082800000, 0x0000000082800000| Untracked 
|  41|0x0000000082900000, 0x0000000082900000, 0x0000000082a00000|  0%| F|  |TAMS 0x0000000082900000, 0x0000000082900000| Untracked 
|  42|0x0000000082a00000, 0x0000000082a00000, 0x0000000082b00000|  0%| F|  |TAMS 0x0000000082a00000, 0x0000000082a00000| Untracked 
|  43|0x0000000082b00000, 0x0000000082b00000, 0x0000000082c00000|  0%| F|  |TAMS 0x0000000082b00000, 0x0000000082b00000| Untracked 
|  44|0x0000000082c00000, 0x0000000082c00000, 0x0000000082d00000|  0%| F|  |TAMS 0x0000000082c00000, 0x0000000082c00000| Untracked 
|  45|0x0000000082d00000, 0x0000000082d00000, 0x0000000082e00000|  0%| F|  |TAMS 0x0000000082d00000, 0x0000000082d00000| Untracked 
|  46|0x0000000082e00000, 0x0000000082e00000, 0x0000000082f00000|  0%| F|  |TAMS 0x0000000082e00000, 0x0000000082e00000| Untracked 
|  47|0x0000000082f00000, 0x0000000082f00000, 0x0000000083000000|  0%| F|  |TAMS 0x0000000082f00000, 0x0000000082f00000| Untracked 
|  48|0x0000000083000000, 0x0000000083000000, 0x0000000083100000|  0%| F|  |TAMS 0x0000000083000000, 0x0000000083000000| Untracked 
|  49|0x0000000083100000, 0x0000000083100000, 0x0000000083200000|  0%| F|  |TAMS 0x0000000083100000, 0x0000000083100000| Untracked 
|  50|0x0000000083200000, 0x0000000083200000, 0x0000000083300000|  0%| F|  |TAMS 0x0000000083200000, 0x0000000083200000| Untracked 
|  51|0x0000000083300000, 0x0000000083300000, 0x0000000083400000|  0%| F|  |TAMS 0x0000000083300000, 0x0000000083300000| Untracked 
|  52|0x0000000083400000, 0x0000000083400000, 0x0000000083500000|  0%| F|  |TAMS 0x0000000083400000, 0x0000000083400000| Untracked 
|  53|0x0000000083500000, 0x0000000083500000, 0x0000000083600000|  0%| F|  |TAMS 0x0000000083500000, 0x0000000083500000| Untracked 
|  54|0x0000000083600000, 0x0000000083600000, 0x0000000083700000|  0%| F|  |TAMS 0x0000000083600000, 0x0000000083600000| Untracked 
|  55|0x0000000083700000, 0x0000000083700000, 0x0000000083800000|  0%| F|  |TAMS 0x0000000083700000, 0x0000000083700000| Untracked 
|  56|0x0000000083800000, 0x0000000083800000, 0x0000000083900000|  0%| F|  |TAMS 0x0000000083800000, 0x0000000083800000| Untracked 
|  57|0x0000000083900000, 0x0000000083900000, 0x0000000083a00000|  0%| F|  |TAMS 0x0000000083900000, 0x0000000083900000| Untracked 
|  58|0x0000000083a00000, 0x0000000083a00000, 0x0000000083b00000|  0%| F|  |TAMS 0x0000000083a00000, 0x0000000083a00000| Untracked 
|  59|0x0000000083b00000, 0x0000000083b00000, 0x0000000083c00000|  0%| F|  |TAMS 0x0000000083b00000, 0x0000000083b00000| Untracked 
|  60|0x0000000083c00000, 0x0000000083c00000, 0x0000000083d00000|  0%| F|  |TAMS 0x0000000083c00000, 0x0000000083c00000| Untracked 
|  61|0x0000000083d00000, 0x0000000083d00000, 0x0000000083e00000|  0%| F|  |TAMS 0x0000000083d00000, 0x0000000083d00000| Untracked 
|  62|0x0000000083e00000, 0x0000000083e00000, 0x0000000083f00000|  0%| F|  |TAMS 0x0000000083e00000, 0x0000000083e00000| Untracked 
|  63|0x0000000083f00000, 0x0000000083f00000, 0x0000000084000000|  0%| F|  |TAMS 0x0000000083f00000, 0x0000000083f00000| Untracked 
|  64|0x0000000084000000, 0x0000000084000000, 0x0000000084100000|  0%| F|  |TAMS 0x0000000084000000, 0x0000000084000000| Untracked 
|  65|0x0000000084100000, 0x0000000084100000, 0x0000000084200000|  0%| F|  |TAMS 0x0000000084100000, 0x0000000084100000| Untracked 
|  66|0x0000000084200000, 0x0000000084200000, 0x0000000084300000|  0%| F|  |TAMS 0x0000000084200000, 0x0000000084200000| Untracked 
|  67|0x0000000084300000, 0x0000000084300000, 0x0000000084400000|  0%| F|  |TAMS 0x0000000084300000, 0x0000000084300000| Untracked 
|  68|0x0000000084400000, 0x0000000084400000, 0x0000000084500000|  0%| F|  |TAMS 0x0000000084400000, 0x0000000084400000| Untracked 
|  69|0x0000000084500000, 0x0000000084500000, 0x0000000084600000|  0%| F|  |TAMS 0x0000000084500000, 0x0000000084500000| Untracked 
|  70|0x0000000084600000, 0x0000000084600000, 0x0000000084700000|  0%| F|  |TAMS 0x0000000084600000, 0x0000000084600000| Untracked 
|  71|0x0000000084700000, 0x0000000084700000, 0x0000000084800000|  0%| F|  |TAMS 0x0000000084700000, 0x0000000084700000| Untracked 
|  72|0x0000000084800000, 0x0000000084800000, 0x0000000084900000|  0%| F|  |TAMS 0x0000000084800000, 0x0000000084800000| Untracked 
|  73|0x0000000084900000, 0x0000000084900000, 0x0000000084a00000|  0%| F|  |TAMS 0x0000000084900000, 0x0000000084900000| Untracked 
|  74|0x0000000084a00000, 0x0000000084a00000, 0x0000000084b00000|  0%| F|  |TAMS 0x0000000084a00000, 0x0000000084a00000| Untracked 
|  75|0x0000000084b00000, 0x0000000084b00000, 0x0000000084c00000|  0%| F|  |TAMS 0x0000000084b00000, 0x0000000084b00000| Untracked 
|  76|0x0000000084c00000, 0x0000000084c00000, 0x0000000084d00000|  0%| F|  |TAMS 0x0000000084c00000, 0x0000000084c00000| Untracked 
|  77|0x0000000084d00000, 0x0000000084d00000, 0x0000000084e00000|  0%| F|  |TAMS 0x0000000084d00000, 0x0000000084d00000| Untracked 
|  78|0x0000000084e00000, 0x0000000084e00000, 0x0000000084f00000|  0%| F|  |TAMS 0x0000000084e00000, 0x0000000084e00000| Untracked 
|  79|0x0000000084f00000, 0x0000000084f00000, 0x0000000085000000|  0%| F|  |TAMS 0x0000000084f00000, 0x0000000084f00000| Untracked 
|  80|0x0000000085000000, 0x0000000085000000, 0x0000000085100000|  0%| F|  |TAMS 0x0000000085000000, 0x0000000085000000| Untracked 
|  81|0x0000000085100000, 0x0000000085100000, 0x0000000085200000|  0%| F|  |TAMS 0x0000000085100000, 0x0000000085100000| Untracked 
|  82|0x0000000085200000, 0x0000000085200000, 0x0000000085300000|  0%| F|  |TAMS 0x0000000085200000, 0x0000000085200000| Untracked 
|  83|0x0000000085300000, 0x0000000085300000, 0x0000000085400000|  0%| F|  |TAMS 0x0000000085300000, 0x0000000085300000| Untracked 
|  84|0x0000000085400000, 0x0000000085400000, 0x0000000085500000|  0%| F|  |TAMS 0x0000000085400000, 0x0000000085400000| Untracked 
|  85|0x0000000085500000, 0x0000000085500000, 0x0000000085600000|  0%| F|  |TAMS 0x0000000085500000, 0x0000000085500000| Untracked 
|  86|0x0000000085600000, 0x0000000085600000, 0x0000000085700000|  0%| F|  |TAMS 0x0000000085600000, 0x0000000085600000| Untracked 
|  87|0x0000000085700000, 0x0000000085700000, 0x0000000085800000|  0%| F|  |TAMS 0x0000000085700000, 0x0000000085700000| Untracked 
|  88|0x0000000085800000, 0x0000000085875d58, 0x0000000085900000| 46%| S|CS|TAMS 0x0000000085800000, 0x0000000085800000| Complete 
|  89|0x0000000085900000, 0x0000000085a00000, 0x0000000085a00000|100%| S|CS|TAMS 0x0000000085900000, 0x0000000085900000| Complete 
|  90|0x0000000085a00000, 0x0000000085b00000, 0x0000000085b00000|100%| S|CS|TAMS 0x0000000085a00000, 0x0000000085a00000| Complete 
|  91|0x0000000085b00000, 0x0000000085c00000, 0x0000000085c00000|100%| S|CS|TAMS 0x0000000085b00000, 0x0000000085b00000| Complete 
|  92|0x0000000085c00000, 0x0000000085d00000, 0x0000000085d00000|100%| S|CS|TAMS 0x0000000085c00000, 0x0000000085c00000| Complete 
|  93|0x0000000085d00000, 0x0000000085e00000, 0x0000000085e00000|100%| S|CS|TAMS 0x0000000085d00000, 0x0000000085d00000| Complete 
|  94|0x0000000085e00000, 0x0000000085f00000, 0x0000000085f00000|100%| S|CS|TAMS 0x0000000085e00000, 0x0000000085e00000| Complete 
|  95|0x0000000085f00000, 0x0000000086000000, 0x0000000086000000|100%| S|CS|TAMS 0x0000000085f00000, 0x0000000085f00000| Complete 
|  96|0x0000000086000000, 0x0000000086100000, 0x0000000086100000|100%| S|CS|TAMS 0x0000000086000000, 0x0000000086000000| Complete 
|  97|0x0000000086100000, 0x0000000086200000, 0x0000000086200000|100%| S|CS|TAMS 0x0000000086100000, 0x0000000086100000| Complete 
|  98|0x0000000086200000, 0x0000000086300000, 0x0000000086300000|100%| S|CS|TAMS 0x0000000086200000, 0x0000000086200000| Complete 
|  99|0x0000000086300000, 0x0000000086400000, 0x0000000086400000|100%| S|CS|TAMS 0x0000000086300000, 0x0000000086300000| Complete 
| 100|0x0000000086400000, 0x0000000086500000, 0x0000000086500000|100%| S|CS|TAMS 0x0000000086400000, 0x0000000086400000| Complete 
| 101|0x0000000086500000, 0x0000000086600000, 0x0000000086600000|100%| S|CS|TAMS 0x0000000086500000, 0x0000000086500000| Complete 
| 102|0x0000000086600000, 0x0000000086700000, 0x0000000086700000|100%| S|CS|TAMS 0x0000000086600000, 0x0000000086600000| Complete 
| 103|0x0000000086700000, 0x0000000086700000, 0x0000000086800000|  0%| F|  |TAMS 0x0000000086700000, 0x0000000086700000| Untracked 
| 104|0x0000000086800000, 0x0000000086800000, 0x0000000086900000|  0%| F|  |TAMS 0x0000000086800000, 0x0000000086800000| Untracked 
| 105|0x0000000086900000, 0x0000000086900000, 0x0000000086a00000|  0%| F|  |TAMS 0x0000000086900000, 0x0000000086900000| Untracked 
| 106|0x0000000086a00000, 0x0000000086a00000, 0x0000000086b00000|  0%| F|  |TAMS 0x0000000086a00000, 0x0000000086a00000| Untracked 
| 107|0x0000000086b00000, 0x0000000086b00000, 0x0000000086c00000|  0%| F|  |TAMS 0x0000000086b00000, 0x0000000086b00000| Untracked 
| 108|0x0000000086c00000, 0x0000000086c00000, 0x0000000086d00000|  0%| F|  |TAMS 0x0000000086c00000, 0x0000000086c00000| Untracked 
| 109|0x0000000086d00000, 0x0000000086d00000, 0x0000000086e00000|  0%| F|  |TAMS 0x0000000086d00000, 0x0000000086d00000| Untracked 
| 110|0x0000000086e00000, 0x0000000086e00000, 0x0000000086f00000|  0%| F|  |TAMS 0x0000000086e00000, 0x0000000086e00000| Untracked 
| 111|0x0000000086f00000, 0x0000000086f00000, 0x0000000087000000|  0%| F|  |TAMS 0x0000000086f00000, 0x0000000086f00000| Untracked 
| 112|0x0000000087000000, 0x0000000087000000, 0x0000000087100000|  0%| F|  |TAMS 0x0000000087000000, 0x0000000087000000| Untracked 
| 113|0x0000000087100000, 0x0000000087100000, 0x0000000087200000|  0%| F|  |TAMS 0x0000000087100000, 0x0000000087100000| Untracked 
| 114|0x0000000087200000, 0x0000000087200000, 0x0000000087300000|  0%| F|  |TAMS 0x0000000087200000, 0x0000000087200000| Untracked 
| 115|0x0000000087300000, 0x0000000087300000, 0x0000000087400000|  0%| F|  |TAMS 0x0000000087300000, 0x0000000087300000| Untracked 
| 116|0x0000000087400000, 0x0000000087400000, 0x0000000087500000|  0%| F|  |TAMS 0x0000000087400000, 0x0000000087400000| Untracked 
| 117|0x0000000087500000, 0x0000000087500000, 0x0000000087600000|  0%| F|  |TAMS 0x0000000087500000, 0x0000000087500000| Untracked 
| 118|0x0000000087600000, 0x0000000087600000, 0x0000000087700000|  0%| F|  |TAMS 0x0000000087600000, 0x0000000087600000| Untracked 
| 119|0x0000000087700000, 0x0000000087700000, 0x0000000087800000|  0%| F|  |TAMS 0x0000000087700000, 0x0000000087700000| Untracked 
| 120|0x0000000087800000, 0x0000000087800000, 0x0000000087900000|  0%| F|  |TAMS 0x0000000087800000, 0x0000000087800000| Untracked 
| 121|0x0000000087900000, 0x0000000087900000, 0x0000000087a00000|  0%| F|  |TAMS 0x0000000087900000, 0x0000000087900000| Untracked 
| 122|0x0000000087a00000, 0x0000000087a00000, 0x0000000087b00000|  0%| F|  |TAMS 0x0000000087a00000, 0x0000000087a00000| Untracked 
| 123|0x0000000087b00000, 0x0000000087b00000, 0x0000000087c00000|  0%| F|  |TAMS 0x0000000087b00000, 0x0000000087b00000| Untracked 
| 124|0x0000000087c00000, 0x0000000087c00000, 0x0000000087d00000|  0%| F|  |TAMS 0x0000000087c00000, 0x0000000087c00000| Untracked 
| 125|0x0000000087d00000, 0x0000000087d00000, 0x0000000087e00000|  0%| F|  |TAMS 0x0000000087d00000, 0x0000000087d00000| Untracked 
| 126|0x0000000087e00000, 0x0000000087e00000, 0x0000000087f00000|  0%| F|  |TAMS 0x0000000087e00000, 0x0000000087e00000| Untracked 
| 127|0x0000000087f00000, 0x0000000087f00000, 0x0000000088000000|  0%| F|  |TAMS 0x0000000087f00000, 0x0000000087f00000| Untracked 
| 128|0x0000000088000000, 0x0000000088000000, 0x0000000088100000|  0%| F|  |TAMS 0x0000000088000000, 0x0000000088000000| Untracked 
| 129|0x0000000088100000, 0x0000000088100000, 0x0000000088200000|  0%| F|  |TAMS 0x0000000088100000, 0x0000000088100000| Untracked 
| 130|0x0000000088200000, 0x0000000088200000, 0x0000000088300000|  0%| F|  |TAMS 0x0000000088200000, 0x0000000088200000| Untracked 
| 131|0x0000000088300000, 0x0000000088300000, 0x0000000088400000|  0%| F|  |TAMS 0x0000000088300000, 0x0000000088300000| Untracked 
| 132|0x0000000088400000, 0x0000000088400000, 0x0000000088500000|  0%| F|  |TAMS 0x0000000088400000, 0x0000000088400000| Untracked 
| 133|0x0000000088500000, 0x0000000088500000, 0x0000000088600000|  0%| F|  |TAMS 0x0000000088500000, 0x0000000088500000| Untracked 
| 134|0x0000000088600000, 0x0000000088600000, 0x0000000088700000|  0%| F|  |TAMS 0x0000000088600000, 0x0000000088600000| Untracked 
| 135|0x0000000088700000, 0x0000000088700000, 0x0000000088800000|  0%| F|  |TAMS 0x0000000088700000, 0x0000000088700000| Untracked 
| 136|0x0000000088800000, 0x0000000088800000, 0x0000000088900000|  0%| F|  |TAMS 0x0000000088800000, 0x0000000088800000| Untracked 
| 137|0x0000000088900000, 0x0000000088900000, 0x0000000088a00000|  0%| F|  |TAMS 0x0000000088900000, 0x0000000088900000| Untracked 
| 138|0x0000000088a00000, 0x0000000088a00000, 0x0000000088b00000|  0%| F|  |TAMS 0x0000000088a00000, 0x0000000088a00000| Untracked 
| 139|0x0000000088b00000, 0x0000000088b00000, 0x0000000088c00000|  0%| F|  |TAMS 0x0000000088b00000, 0x0000000088b00000| Untracked 
| 140|0x0000000088c00000, 0x0000000088c00000, 0x0000000088d00000|  0%| F|  |TAMS 0x0000000088c00000, 0x0000000088c00000| Untracked 
| 141|0x0000000088d00000, 0x0000000088d00000, 0x0000000088e00000|  0%| F|  |TAMS 0x0000000088d00000, 0x0000000088d00000| Untracked 
| 142|0x0000000088e00000, 0x0000000088e00000, 0x0000000088f00000|  0%| F|  |TAMS 0x0000000088e00000, 0x0000000088e00000| Untracked 
| 143|0x0000000088f00000, 0x0000000088f00000, 0x0000000089000000|  0%| F|  |TAMS 0x0000000088f00000, 0x0000000088f00000| Untracked 
| 144|0x0000000089000000, 0x0000000089000000, 0x0000000089100000|  0%| F|  |TAMS 0x0000000089000000, 0x0000000089000000| Untracked 
| 145|0x0000000089100000, 0x0000000089100000, 0x0000000089200000|  0%| F|  |TAMS 0x0000000089100000, 0x0000000089100000| Untracked 
| 146|0x0000000089200000, 0x0000000089200000, 0x0000000089300000|  0%| F|  |TAMS 0x0000000089200000, 0x0000000089200000| Untracked 
| 147|0x0000000089300000, 0x0000000089300000, 0x0000000089400000|  0%| F|  |TAMS 0x0000000089300000, 0x0000000089300000| Untracked 
| 148|0x0000000089400000, 0x0000000089400000, 0x0000000089500000|  0%| F|  |TAMS 0x0000000089400000, 0x0000000089400000| Untracked 
| 149|0x0000000089500000, 0x0000000089500000, 0x0000000089600000|  0%| F|  |TAMS 0x0000000089500000, 0x0000000089500000| Untracked 
| 150|0x0000000089600000, 0x0000000089600000, 0x0000000089700000|  0%| F|  |TAMS 0x0000000089600000, 0x0000000089600000| Untracked 
| 151|0x0000000089700000, 0x0000000089700000, 0x0000000089800000|  0%| F|  |TAMS 0x0000000089700000, 0x0000000089700000| Untracked 
| 152|0x0000000089800000, 0x0000000089800000, 0x0000000089900000|  0%| F|  |TAMS 0x0000000089800000, 0x0000000089800000| Untracked 
| 153|0x0000000089900000, 0x0000000089900000, 0x0000000089a00000|  0%| F|  |TAMS 0x0000000089900000, 0x0000000089900000| Untracked 
| 154|0x0000000089a00000, 0x0000000089a00000, 0x0000000089b00000|  0%| F|  |TAMS 0x0000000089a00000, 0x0000000089a00000| Untracked 
| 155|0x0000000089b00000, 0x0000000089b00000, 0x0000000089c00000|  0%| F|  |TAMS 0x0000000089b00000, 0x0000000089b00000| Untracked 
| 156|0x0000000089c00000, 0x0000000089c00000, 0x0000000089d00000|  0%| F|  |TAMS 0x0000000089c00000, 0x0000000089c00000| Untracked 
| 157|0x0000000089d00000, 0x0000000089d00000, 0x0000000089e00000|  0%| F|  |TAMS 0x0000000089d00000, 0x0000000089d00000| Untracked 
| 158|0x0000000089e00000, 0x0000000089e00000, 0x0000000089f00000|  0%| F|  |TAMS 0x0000000089e00000, 0x0000000089e00000| Untracked 
| 159|0x0000000089f00000, 0x0000000089f00000, 0x000000008a000000|  0%| F|  |TAMS 0x0000000089f00000, 0x0000000089f00000| Untracked 
| 160|0x000000008a000000, 0x000000008a000000, 0x000000008a100000|  0%| F|  |TAMS 0x000000008a000000, 0x000000008a000000| Untracked 
| 161|0x000000008a100000, 0x000000008a100000, 0x000000008a200000|  0%| F|  |TAMS 0x000000008a100000, 0x000000008a100000| Untracked 
| 162|0x000000008a200000, 0x000000008a200000, 0x000000008a300000|  0%| F|  |TAMS 0x000000008a200000, 0x000000008a200000| Untracked 
| 163|0x000000008a300000, 0x000000008a300000, 0x000000008a400000|  0%| F|  |TAMS 0x000000008a300000, 0x000000008a300000| Untracked 
| 164|0x000000008a400000, 0x000000008a400000, 0x000000008a500000|  0%| F|  |TAMS 0x000000008a400000, 0x000000008a400000| Untracked 
| 165|0x000000008a500000, 0x000000008a500000, 0x000000008a600000|  0%| F|  |TAMS 0x000000008a500000, 0x000000008a500000| Untracked 
| 166|0x000000008a600000, 0x000000008a600000, 0x000000008a700000|  0%| F|  |TAMS 0x000000008a600000, 0x000000008a600000| Untracked 
| 167|0x000000008a700000, 0x000000008a700000, 0x000000008a800000|  0%| F|  |TAMS 0x000000008a700000, 0x000000008a700000| Untracked 
| 168|0x000000008a800000, 0x000000008a800000, 0x000000008a900000|  0%| F|  |TAMS 0x000000008a800000, 0x000000008a800000| Untracked 
| 169|0x000000008a900000, 0x000000008a900000, 0x000000008aa00000|  0%| F|  |TAMS 0x000000008a900000, 0x000000008a900000| Untracked 
| 170|0x000000008aa00000, 0x000000008aa00000, 0x000000008ab00000|  0%| F|  |TAMS 0x000000008aa00000, 0x000000008aa00000| Untracked 
| 171|0x000000008ab00000, 0x000000008ab00000, 0x000000008ac00000|  0%| F|  |TAMS 0x000000008ab00000, 0x000000008ab00000| Untracked 
| 172|0x000000008ac00000, 0x000000008ac00000, 0x000000008ad00000|  0%| F|  |TAMS 0x000000008ac00000, 0x000000008ac00000| Untracked 
| 173|0x000000008ad00000, 0x000000008ad00000, 0x000000008ae00000|  0%| F|  |TAMS 0x000000008ad00000, 0x000000008ad00000| Untracked 
| 174|0x000000008ae00000, 0x000000008ae00000, 0x000000008af00000|  0%| F|  |TAMS 0x000000008ae00000, 0x000000008ae00000| Untracked 
| 175|0x000000008af00000, 0x000000008af00000, 0x000000008b000000|  0%| F|  |TAMS 0x000000008af00000, 0x000000008af00000| Untracked 
| 176|0x000000008b000000, 0x000000008b000000, 0x000000008b100000|  0%| F|  |TAMS 0x000000008b000000, 0x000000008b000000| Untracked 
| 177|0x000000008b100000, 0x000000008b100000, 0x000000008b200000|  0%| F|  |TAMS 0x000000008b100000, 0x000000008b100000| Untracked 
| 178|0x000000008b200000, 0x000000008b200000, 0x000000008b300000|  0%| F|  |TAMS 0x000000008b200000, 0x000000008b200000| Untracked 
| 179|0x000000008b300000, 0x000000008b300000, 0x000000008b400000|  0%| F|  |TAMS 0x000000008b300000, 0x000000008b300000| Untracked 
| 180|0x000000008b400000, 0x000000008b400000, 0x000000008b500000|  0%| F|  |TAMS 0x000000008b400000, 0x000000008b400000| Untracked 
| 181|0x000000008b500000, 0x000000008b500000, 0x000000008b600000|  0%| F|  |TAMS 0x000000008b500000, 0x000000008b500000| Untracked 
| 182|0x000000008b600000, 0x000000008b600000, 0x000000008b700000|  0%| F|  |TAMS 0x000000008b600000, 0x000000008b600000| Untracked 
| 183|0x000000008b700000, 0x000000008b700000, 0x000000008b800000|  0%| F|  |TAMS 0x000000008b700000, 0x000000008b700000| Untracked 
| 184|0x000000008b800000, 0x000000008b800000, 0x000000008b900000|  0%| F|  |TAMS 0x000000008b800000, 0x000000008b800000| Untracked 
| 185|0x000000008b900000, 0x000000008b900000, 0x000000008ba00000|  0%| F|  |TAMS 0x000000008b900000, 0x000000008b900000| Untracked 
| 186|0x000000008ba00000, 0x000000008ba00000, 0x000000008bb00000|  0%| F|  |TAMS 0x000000008ba00000, 0x000000008ba00000| Untracked 
| 187|0x000000008bb00000, 0x000000008bb00000, 0x000000008bc00000|  0%| F|  |TAMS 0x000000008bb00000, 0x000000008bb00000| Untracked 
| 188|0x000000008bc00000, 0x000000008bc00000, 0x000000008bd00000|  0%| F|  |TAMS 0x000000008bc00000, 0x000000008bc00000| Untracked 
| 189|0x000000008bd00000, 0x000000008bd00000, 0x000000008be00000|  0%| F|  |TAMS 0x000000008bd00000, 0x000000008bd00000| Untracked 
| 190|0x000000008be00000, 0x000000008be00000, 0x000000008bf00000|  0%| F|  |TAMS 0x000000008be00000, 0x000000008be00000| Untracked 
| 191|0x000000008bf00000, 0x000000008bf00000, 0x000000008c000000|  0%| F|  |TAMS 0x000000008bf00000, 0x000000008bf00000| Untracked 
| 192|0x000000008c000000, 0x000000008c000000, 0x000000008c100000|  0%| F|  |TAMS 0x000000008c000000, 0x000000008c000000| Untracked 
| 193|0x000000008c100000, 0x000000008c100000, 0x000000008c200000|  0%| F|  |TAMS 0x000000008c100000, 0x000000008c100000| Untracked 
| 194|0x000000008c200000, 0x000000008c200000, 0x000000008c300000|  0%| F|  |TAMS 0x000000008c200000, 0x000000008c200000| Untracked 
| 195|0x000000008c300000, 0x000000008c300000, 0x000000008c400000|  0%| F|  |TAMS 0x000000008c300000, 0x000000008c300000| Untracked 
| 196|0x000000008c400000, 0x000000008c4812b8, 0x000000008c500000| 50%| E|  |TAMS 0x000000008c400000, 0x000000008c400000| Complete 
| 197|0x000000008c500000, 0x000000008c600000, 0x000000008c600000|100%| E|CS|TAMS 0x000000008c500000, 0x000000008c500000| Complete 
| 198|0x000000008c600000, 0x000000008c700000, 0x000000008c700000|100%| E|CS|TAMS 0x000000008c600000, 0x000000008c600000| Complete 
| 199|0x000000008c700000, 0x000000008c800000, 0x000000008c800000|100%| E|CS|TAMS 0x000000008c700000, 0x000000008c700000| Complete 
| 200|0x000000008c800000, 0x000000008c900000, 0x000000008c900000|100%| E|CS|TAMS 0x000000008c800000, 0x000000008c800000| Complete 
| 201|0x000000008c900000, 0x000000008ca00000, 0x000000008ca00000|100%| E|CS|TAMS 0x000000008c900000, 0x000000008c900000| Complete 
| 202|0x000000008ca00000, 0x000000008cb00000, 0x000000008cb00000|100%| E|CS|TAMS 0x000000008ca00000, 0x000000008ca00000| Complete 
| 203|0x000000008cb00000, 0x000000008cc00000, 0x000000008cc00000|100%| E|CS|TAMS 0x000000008cb00000, 0x000000008cb00000| Complete 
| 204|0x000000008cc00000, 0x000000008cd00000, 0x000000008cd00000|100%| E|CS|TAMS 0x000000008cc00000, 0x000000008cc00000| Complete 
| 205|0x000000008cd00000, 0x000000008ce00000, 0x000000008ce00000|100%| E|CS|TAMS 0x000000008cd00000, 0x000000008cd00000| Complete 
| 206|0x000000008ce00000, 0x000000008cf00000, 0x000000008cf00000|100%| E|CS|TAMS 0x000000008ce00000, 0x000000008ce00000| Complete 
| 207|0x000000008cf00000, 0x000000008d000000, 0x000000008d000000|100%| E|CS|TAMS 0x000000008cf00000, 0x000000008cf00000| Complete 
| 208|0x000000008d000000, 0x000000008d100000, 0x000000008d100000|100%| E|CS|TAMS 0x000000008d000000, 0x000000008d000000| Complete 
| 209|0x000000008d100000, 0x000000008d200000, 0x000000008d200000|100%| E|CS|TAMS 0x000000008d100000, 0x000000008d100000| Complete 
| 210|0x000000008d200000, 0x000000008d300000, 0x000000008d300000|100%| E|CS|TAMS 0x000000008d200000, 0x000000008d200000| Complete 
| 211|0x000000008d300000, 0x000000008d400000, 0x000000008d400000|100%| E|CS|TAMS 0x000000008d300000, 0x000000008d300000| Complete 
| 212|0x000000008d400000, 0x000000008d500000, 0x000000008d500000|100%| E|CS|TAMS 0x000000008d400000, 0x000000008d400000| Complete 
| 213|0x000000008d500000, 0x000000008d600000, 0x000000008d600000|100%| E|CS|TAMS 0x000000008d500000, 0x000000008d500000| Complete 
| 214|0x000000008d600000, 0x000000008d700000, 0x000000008d700000|100%| E|CS|TAMS 0x000000008d600000, 0x000000008d600000| Complete 
| 215|0x000000008d700000, 0x000000008d800000, 0x000000008d800000|100%| E|CS|TAMS 0x000000008d700000, 0x000000008d700000| Complete 
| 216|0x000000008d800000, 0x000000008d900000, 0x000000008d900000|100%| E|CS|TAMS 0x000000008d800000, 0x000000008d800000| Complete 
| 217|0x000000008d900000, 0x000000008da00000, 0x000000008da00000|100%| E|CS|TAMS 0x000000008d900000, 0x000000008d900000| Complete 
| 218|0x000000008da00000, 0x000000008db00000, 0x000000008db00000|100%| E|CS|TAMS 0x000000008da00000, 0x000000008da00000| Complete 
| 219|0x000000008db00000, 0x000000008dc00000, 0x000000008dc00000|100%| E|CS|TAMS 0x000000008db00000, 0x000000008db00000| Complete 
| 220|0x000000008dc00000, 0x000000008dd00000, 0x000000008dd00000|100%| E|CS|TAMS 0x000000008dc00000, 0x000000008dc00000| Complete 
| 221|0x000000008dd00000, 0x000000008de00000, 0x000000008de00000|100%| E|CS|TAMS 0x000000008dd00000, 0x000000008dd00000| Complete 
| 222|0x000000008de00000, 0x000000008df00000, 0x000000008df00000|100%| E|CS|TAMS 0x000000008de00000, 0x000000008de00000| Complete 
| 223|0x000000008df00000, 0x000000008e000000, 0x000000008e000000|100%| E|CS|TAMS 0x000000008df00000, 0x000000008df00000| Complete 
| 224|0x000000008e000000, 0x000000008e100000, 0x000000008e100000|100%| E|CS|TAMS 0x000000008e000000, 0x000000008e000000| Complete 
| 225|0x000000008e100000, 0x000000008e200000, 0x000000008e200000|100%| E|CS|TAMS 0x000000008e100000, 0x000000008e100000| Complete 
| 226|0x000000008e200000, 0x000000008e300000, 0x000000008e300000|100%| E|CS|TAMS 0x000000008e200000, 0x000000008e200000| Complete 
| 227|0x000000008e300000, 0x000000008e400000, 0x000000008e400000|100%| E|CS|TAMS 0x000000008e300000, 0x000000008e300000| Complete 
| 228|0x000000008e400000, 0x000000008e500000, 0x000000008e500000|100%| E|CS|TAMS 0x000000008e400000, 0x000000008e400000| Complete 
| 229|0x000000008e500000, 0x000000008e600000, 0x000000008e600000|100%| E|CS|TAMS 0x000000008e500000, 0x000000008e500000| Complete 
| 230|0x000000008e600000, 0x000000008e700000, 0x000000008e700000|100%| E|CS|TAMS 0x000000008e600000, 0x000000008e600000| Complete 
| 231|0x000000008e700000, 0x000000008e800000, 0x000000008e800000|100%| E|CS|TAMS 0x000000008e700000, 0x000000008e700000| Complete 
| 232|0x000000008e800000, 0x000000008e900000, 0x000000008e900000|100%| E|CS|TAMS 0x000000008e800000, 0x000000008e800000| Complete 
| 233|0x000000008e900000, 0x000000008ea00000, 0x000000008ea00000|100%| E|CS|TAMS 0x000000008e900000, 0x000000008e900000| Complete 
| 234|0x000000008ea00000, 0x000000008eb00000, 0x000000008eb00000|100%| E|CS|TAMS 0x000000008ea00000, 0x000000008ea00000| Complete 
| 235|0x000000008eb00000, 0x000000008ec00000, 0x000000008ec00000|100%| E|CS|TAMS 0x000000008eb00000, 0x000000008eb00000| Complete 
| 236|0x000000008ec00000, 0x000000008ed00000, 0x000000008ed00000|100%| E|CS|TAMS 0x000000008ec00000, 0x000000008ec00000| Complete 
| 237|0x000000008ed00000, 0x000000008ee00000, 0x000000008ee00000|100%| E|CS|TAMS 0x000000008ed00000, 0x000000008ed00000| Complete 
| 238|0x000000008ee00000, 0x000000008ef00000, 0x000000008ef00000|100%| E|CS|TAMS 0x000000008ee00000, 0x000000008ee00000| Complete 
| 239|0x000000008ef00000, 0x000000008f000000, 0x000000008f000000|100%| E|CS|TAMS 0x000000008ef00000, 0x000000008ef00000| Complete 
| 240|0x000000008f000000, 0x000000008f100000, 0x000000008f100000|100%| E|CS|TAMS 0x000000008f000000, 0x000000008f000000| Complete 
| 241|0x000000008f100000, 0x000000008f200000, 0x000000008f200000|100%| E|CS|TAMS 0x000000008f100000, 0x000000008f100000| Complete 
| 242|0x000000008f200000, 0x000000008f300000, 0x000000008f300000|100%| E|CS|TAMS 0x000000008f200000, 0x000000008f200000| Complete 
| 243|0x000000008f300000, 0x000000008f400000, 0x000000008f400000|100%| E|CS|TAMS 0x000000008f300000, 0x000000008f300000| Complete 
| 244|0x000000008f400000, 0x000000008f500000, 0x000000008f500000|100%| E|CS|TAMS 0x000000008f400000, 0x000000008f400000| Complete 
| 245|0x000000008f500000, 0x000000008f600000, 0x000000008f600000|100%| E|CS|TAMS 0x000000008f500000, 0x000000008f500000| Complete 
| 246|0x000000008f600000, 0x000000008f700000, 0x000000008f700000|100%| E|CS|TAMS 0x000000008f600000, 0x000000008f600000| Complete 
| 247|0x000000008f700000, 0x000000008f800000, 0x000000008f800000|100%| E|CS|TAMS 0x000000008f700000, 0x000000008f700000| Complete 
| 248|0x000000008f800000, 0x000000008f900000, 0x000000008f900000|100%| E|CS|TAMS 0x000000008f800000, 0x000000008f800000| Complete 
| 249|0x000000008f900000, 0x000000008fa00000, 0x000000008fa00000|100%| E|CS|TAMS 0x000000008f900000, 0x000000008f900000| Complete 
| 250|0x000000008fa00000, 0x000000008fb00000, 0x000000008fb00000|100%| E|CS|TAMS 0x000000008fa00000, 0x000000008fa00000| Complete 
| 251|0x000000008fb00000, 0x000000008fc00000, 0x000000008fc00000|100%| E|CS|TAMS 0x000000008fb00000, 0x000000008fb00000| Complete 
| 252|0x000000008fc00000, 0x000000008fd00000, 0x000000008fd00000|100%| E|CS|TAMS 0x000000008fc00000, 0x000000008fc00000| Complete 
| 253|0x000000008fd00000, 0x000000008fe00000, 0x000000008fe00000|100%| E|CS|TAMS 0x000000008fd00000, 0x000000008fd00000| Complete 
| 254|0x000000008fe00000, 0x000000008ff00000, 0x000000008ff00000|100%| E|CS|TAMS 0x000000008fe00000, 0x000000008fe00000| Complete 
| 255|0x000000008ff00000, 0x0000000090000000, 0x0000000090000000|100%| E|CS|TAMS 0x000000008ff00000, 0x000000008ff00000| Complete 

Card table byte_map: [0x00000271ac070000,0x00000271ac470000] _byte_map_base: 0x00000271abc70000

Marking Bits (Prev, Next): (CMBitMap*) 0x00000271991aa0a8, (CMBitMap*) 0x00000271991aa0e0
 Prev Bits: [0x00000271ac870000, 0x00000271ae870000)
 Next Bits: [0x00000271ae870000, 0x00000271b0870000)

Polling page: 0x0000027197170000

Metaspace:

Usage:
  Non-class:     42.59 MB capacity,    41.92 MB ( 98%) used,   558.84 KB (  1%) free+waste,   128.63 KB ( <1%) overhead. 
      Class:      6.60 MB capacity,     6.13 MB ( 93%) used,   417.07 KB (  6%) free+waste,    60.75 KB ( <1%) overhead. 
       Both:     49.19 MB capacity,    48.05 MB ( 98%) used,   975.91 KB (  2%) free+waste,   189.38 KB ( <1%) overhead. 

Virtual space:
  Non-class space:       44.00 MB reserved,      42.75 MB ( 97%) committed 
      Class space:        1.00 GB reserved,       6.70 MB ( <1%) committed 
             Both:        1.04 GB reserved,      49.45 MB (  5%) committed 

Chunk freelists:
   Non-Class:  30.00 KB
       Class:  28.00 KB
        Both:  58.00 KB

MaxMetaspaceSize: 17179869184.00 GB
CompressedClassSpaceSize: 1.00 GB
Initial GC threshold: 20.80 MB
Current GC threshold: 58.88 MB
CDS: off

CodeHeap 'non-profiled nmethods': size=120064Kb used=2953Kb max_used=2953Kb free=117110Kb
 bounds [0x00000271a4730000, 0x00000271a4a20000, 0x00000271abc70000]
CodeHeap 'profiled nmethods': size=120000Kb used=11483Kb max_used=11483Kb free=108516Kb
 bounds [0x000002719d200000, 0x000002719dd40000, 0x00000271a4730000]
CodeHeap 'non-nmethods': size=5696Kb used=2297Kb max_used=2326Kb free=3399Kb
 bounds [0x000002719cc70000, 0x000002719cee0000, 0x000002719d200000]
 total_blobs=6318 nmethods=5528 adapters=702
 compilation: enabled
              stopped_count=0, restarted_count=0
 full_count=0

Compilation events (20 events):
Event: 34.608 Thread 0x00000271b364f800 nmethod 5512 0x000002719dd16690 code [0x000002719dd16a60, 0x000002719dd18628]
Event: 34.608 Thread 0x00000271b364f800 5513       3       java.util.TreeMap::rotateRight (96 bytes)
Event: 34.609 Thread 0x00000271b364f800 nmethod 5513 0x000002719dd18d90 code [0x000002719dd18f80, 0x000002719dd19498]
Event: 34.611 Thread 0x00000271b364f800 5514       3       java.beans.MethodDescriptor::resolve (32 bytes)
Event: 34.612 Thread 0x00000271b364f800 nmethod 5514 0x000002719dd19610 code [0x000002719dd19800, 0x000002719dd19d38]
Event: 34.612 Thread 0x00000271b364f800 5515       3       java.util.Collections$SynchronizedCollection::<init> (24 bytes)
Event: 34.613 Thread 0x00000271b364f800 nmethod 5515 0x000002719dd19f10 code [0x000002719dd1a120, 0x000002719dd1a6d8]
Event: 34.613 Thread 0x00000271b364f800 5516       3       java.util.Collections::synchronizedSet (10 bytes)
Event: 34.613 Thread 0x00000271b364f800 nmethod 5516 0x000002719dd1a890 code [0x000002719dd1aaa0, 0x000002719dd1b178]
Event: 34.614 Thread 0x00000271b364f800 5517   !   3       java.beans.PropertyDescriptor::findPropertyType (144 bytes)
Event: 34.618 Thread 0x00000271b364f800 nmethod 5517 0x000002719dd1b390 code [0x000002719dd1ba00, 0x000002719dd1ef88]
Event: 34.618 Thread 0x00000271b364f800 5519       3       sun.reflect.generics.reflectiveObjects.WildcardTypeImpl::toString (159 bytes)
Event: 34.620 Thread 0x00000271b364f800 nmethod 5519 0x000002719dd20b10 code [0x000002719dd20ea0, 0x000002719dd22728]
Event: 34.620 Thread 0x00000271b364f800 5518       3       java.util.Hashtable$EntrySet::<init> (10 bytes)
Event: 34.620 Thread 0x00000271b364f800 nmethod 5518 0x000002719dd22e10 code [0x000002719dd22fe0, 0x000002719dd23258]
Event: 34.624 Thread 0x00000271b364f800 5520       3       com.sun.beans.introspect.PropertyInfo::initialize (392 bytes)
Event: 34.626 Thread 0x00000271b364f800 nmethod 5520 0x000002719dd23390 code [0x000002719dd23720, 0x000002719dd25008]
Event: 34.626 Thread 0x00000271b364f800 5525  s    3       java.util.Hashtable::putAll (52 bytes)
Event: 34.627 Thread 0x00000271b364f800 nmethod 5525 0x000002719dd25710 code [0x000002719dd25960, 0x000002719dd262a8]
Event: 34.627 Thread 0x00000271b364f800 5521       3       java.beans.PropertyDescriptor::<init> (302 bytes)

GC Heap History (14 events):
Event: 2.310 GC heap before
{Heap before GC invocations=0 (full 0):
 garbage-first heap   total 262144K, used 20480K [0x0000000080000000, 0x0000000100000000)
  region size 1024K, 14 young (14336K), 0 survivors (0K)
 Metaspace       used 6747K, capacity 6929K, committed 7168K, reserved 1056768K
  class space    used 582K, capacity 650K, committed 768K, reserved 1048576K
}
Event: 2.370 GC heap after
{Heap after GC invocations=1 (full 0):
 garbage-first heap   total 262144K, used 7881K [0x0000000080000000, 0x0000000100000000)
  region size 1024K, 2 young (2048K), 2 survivors (2048K)
 Metaspace       used 6747K, capacity 6929K, committed 7168K, reserved 1056768K
  class space    used 582K, capacity 650K, committed 768K, reserved 1048576K
}
Event: 5.942 GC heap before
{Heap before GC invocations=1 (full 0):
 garbage-first heap   total 262144K, used 46793K [0x0000000080000000, 0x0000000100000000)
  region size 1024K, 39 young (39936K), 2 survivors (2048K)
 Metaspace       used 10871K, capacity 11077K, committed 11264K, reserved 1058816K
  class space    used 1130K, capacity 1207K, committed 1280K, reserved 1048576K
}
Event: 5.947 GC heap after
{Heap after GC invocations=2 (full 0):
 garbage-first heap   total 262144K, used 11934K [0x0000000080000000, 0x0000000100000000)
  region size 1024K, 5 young (5120K), 5 survivors (5120K)
 Metaspace       used 10871K, capacity 11077K, committed 11264K, reserved 1058816K
  class space    used 1130K, capacity 1207K, committed 1280K, reserved 1048576K
}
Event: 11.320 GC heap before
{Heap before GC invocations=2 (full 0):
 garbage-first heap   total 262144K, used 52894K [0x0000000080000000, 0x0000000100000000)
  region size 1024K, 45 young (46080K), 5 survivors (5120K)
 Metaspace       used 17306K, capacity 17655K, committed 17792K, reserved 1064960K
  class space    used 2015K, capacity 2145K, committed 2176K, reserved 1048576K
}
Event: 11.331 GC heap after
{Heap after GC invocations=3 (full 0):
 garbage-first heap   total 262144K, used 15716K [0x0000000080000000, 0x0000000100000000)
  region size 1024K, 6 young (6144K), 6 survivors (6144K)
 Metaspace       used 17306K, capacity 17655K, committed 17792K, reserved 1064960K
  class space    used 2015K, capacity 2145K, committed 2176K, reserved 1048576K
}
Event: 12.305 GC heap before
{Heap before GC invocations=3 (full 0):
 garbage-first heap   total 262144K, used 47460K [0x0000000080000000, 0x0000000100000000)
  region size 1024K, 39 young (39936K), 6 survivors (6144K)
 Metaspace       used 20702K, capacity 21139K, committed 21248K, reserved 1067008K
  class space    used 2540K, capacity 2710K, committed 2816K, reserved 1048576K
}
Event: 12.317 GC heap after
{Heap after GC invocations=4 (full 0):
 garbage-first heap   total 262144K, used 17346K [0x0000000080000000, 0x0000000100000000)
  region size 1024K, 2 young (2048K), 2 survivors (2048K)
 Metaspace       used 20702K, capacity 21139K, committed 21248K, reserved 1067008K
  class space    used 2540K, capacity 2710K, committed 2816K, reserved 1048576K
}
Event: 14.788 GC heap before
{Heap before GC invocations=5 (full 0):
 garbage-first heap   total 262144K, used 71618K [0x0000000080000000, 0x0000000100000000)
  region size 1024K, 55 young (56320K), 2 survivors (2048K)
 Metaspace       used 26565K, capacity 27150K, committed 27264K, reserved 1073152K
  class space    used 3454K, capacity 3660K, committed 3712K, reserved 1048576K
}
Event: 14.801 GC heap after
{Heap after GC invocations=6 (full 0):
 garbage-first heap   total 262144K, used 19127K [0x0000000080000000, 0x0000000100000000)
  region size 1024K, 4 young (4096K), 4 survivors (4096K)
 Metaspace       used 26565K, capacity 27150K, committed 27264K, reserved 1073152K
  class space    used 3454K, capacity 3660K, committed 3712K, reserved 1048576K
}
Event: 17.761 GC heap before
{Heap before GC invocations=6 (full 0):
 garbage-first heap   total 262144K, used 78519K [0x0000000080000000, 0x0000000100000000)
  region size 1024K, 63 young (64512K), 4 survivors (4096K)
 Metaspace       used 35001K, capacity 35790K, committed 35840K, reserved 1081344K
  class space    used 4532K, capacity 4839K, committed 4864K, reserved 1048576K
}
Event: 17.780 GC heap after
{Heap after GC invocations=7 (full 0):
 garbage-first heap   total 262144K, used 22481K [0x0000000080000000, 0x0000000100000000)
  region size 1024K, 7 young (7168K), 7 survivors (7168K)
 Metaspace       used 35001K, capacity 35790K, committed 35840K, reserved 1081344K
  class space    used 4532K, capacity 4839K, committed 4864K, reserved 1048576K
}
Event: 27.933 GC heap before
{Heap before GC invocations=8 (full 0):
 garbage-first heap   total 262144K, used 175057K [0x0000000080000000, 0x0000000100000000)
  region size 1024K, 153 young (156672K), 7 survivors (7168K)
 Metaspace       used 47410K, capacity 48560K, committed 48844K, reserved 1091584K
  class space    used 6111K, capacity 6548K, committed 6604K, reserved 1048576K
}
Event: 27.963 GC heap after
{Heap after GC invocations=9 (full 0):
 garbage-first heap   total 262144K, used 30710K [0x0000000080000000, 0x0000000100000000)
  region size 1024K, 15 young (15360K), 15 survivors (15360K)
 Metaspace       used 47410K, capacity 48560K, committed 48844K, reserved 1091584K
  class space    used 6111K, capacity 6548K, committed 6604K, reserved 1048576K
}

Deoptimization events (20 events):
Event: 32.903 Thread 0x00000271b5a49800 DEOPT PACKING pc=0x000002719dacd960 sp=0x000000a7fe6fe520
Event: 32.903 Thread 0x00000271b5a49800 DEOPT UNPACKING pc=0x000002719ccba95e sp=0x000000a7fe6fd9a8 mode 0
Event: 33.214 Thread 0x00000271b54fe800 DEOPT PACKING pc=0x000002719da33df1 sp=0x000000a7fe2f9720
Event: 33.214 Thread 0x00000271b54fe800 DEOPT UNPACKING pc=0x000002719ccba95e sp=0x000000a7fe2f8c18 mode 0
Event: 33.219 Thread 0x00000271b54fe800 DEOPT PACKING pc=0x000002719da33df1 sp=0x000000a7fe2f9720
Event: 33.219 Thread 0x00000271b54fe800 DEOPT UNPACKING pc=0x000002719ccba95e sp=0x000000a7fe2f8c18 mode 0
Event: 33.348 Thread 0x00000271b54fe800 DEOPT PACKING pc=0x000002719dcce104 sp=0x000000a7fe2f17c0
Event: 33.348 Thread 0x00000271b54fe800 DEOPT UNPACKING pc=0x000002719ccba95e sp=0x000000a7fe2f0db0 mode 0
Event: 33.372 Thread 0x00000271b54fe800 DEOPT PACKING pc=0x000002719dcce104 sp=0x000000a7fe2f17c0
Event: 33.372 Thread 0x00000271b54fe800 DEOPT UNPACKING pc=0x000002719ccba95e sp=0x000000a7fe2f0db0 mode 0
Event: 33.530 Thread 0x00000271b54fe800 DEOPT PACKING pc=0x000002719d2c8fae sp=0x000000a7fe2f1d20
Event: 33.530 Thread 0x00000271b54fe800 DEOPT UNPACKING pc=0x000002719ccba95e sp=0x000000a7fe2f1190 mode 0
Event: 33.548 Thread 0x00000271b54fe800 DEOPT PACKING pc=0x000002719dcce104 sp=0x000000a7fe2f1730
Event: 33.548 Thread 0x00000271b54fe800 DEOPT UNPACKING pc=0x000002719ccba95e sp=0x000000a7fe2f0d08 mode 0
Event: 33.644 Thread 0x00000271b54fe800 DEOPT PACKING pc=0x000002719dcce104 sp=0x000000a7fe2f1690
Event: 33.645 Thread 0x00000271b54fe800 DEOPT UNPACKING pc=0x000002719ccba95e sp=0x000000a7fe2f0c68 mode 0
Event: 33.702 Thread 0x00000271b54fe800 DEOPT PACKING pc=0x000002719dcce104 sp=0x000000a7fe2f1690
Event: 33.702 Thread 0x00000271b54fe800 DEOPT UNPACKING pc=0x000002719ccba95e sp=0x000000a7fe2f0c68 mode 0
Event: 33.826 Thread 0x00000271b54fe800 DEOPT PACKING pc=0x000002719dcce104 sp=0x000000a7fe2f1690
Event: 33.826 Thread 0x00000271b54fe800 DEOPT UNPACKING pc=0x000002719ccba95e sp=0x000000a7fe2f0c68 mode 0

Classes redefined (0 events):
No events

Internal exceptions (20 events):
Event: 33.535 Thread 0x00000271b54fe800 Exception <a 'java/security/PrivilegedActionException'{0x000000008d23fc28}> (0x000000008d23fc28) thrown at [./src/hotspot/share/prims/jvm.cpp, line 1306]
Event: 33.535 Thread 0x00000271b54fe800 Exception <a 'java/security/PrivilegedActionException'{0x000000008d240ee8}> (0x000000008d240ee8) thrown at [./src/hotspot/share/prims/jvm.cpp, line 1306]
Event: 33.535 Thread 0x00000271b54fe800 Exception <a 'java/security/PrivilegedActionException'{0x000000008d243b68}> (0x000000008d243b68) thrown at [./src/hotspot/share/prims/jvm.cpp, line 1306]
Event: 33.535 Thread 0x00000271b54fe800 Exception <a 'java/security/PrivilegedActionException'{0x000000008d244e28}> (0x000000008d244e28) thrown at [./src/hotspot/share/prims/jvm.cpp, line 1306]
Event: 33.535 Thread 0x00000271b54fe800 Exception <a 'java/security/PrivilegedActionException'{0x000000008d247b08}> (0x000000008d247b08) thrown at [./src/hotspot/share/prims/jvm.cpp, line 1306]
Event: 33.535 Thread 0x00000271b54fe800 Exception <a 'java/security/PrivilegedActionException'{0x000000008d248dc8}> (0x000000008d248dc8) thrown at [./src/hotspot/share/prims/jvm.cpp, line 1306]
Event: 34.476 Thread 0x00000271b54fe800 Exception <a 'java/lang/ClassNotFoundException'{0x000000008cc34ac0}: org/gradle/api/internal/project/DefaultProject_DecoratedBeanInfo> (0x000000008cc34ac0) thrown at [./src/hotspot/share/classfile/systemDictionary.cpp, line 231]
Event: 34.477 Thread 0x00000271b54fe800 Exception <a 'java/lang/ClassNotFoundException'{0x000000008cc637d8}: org/gradle/api/internal/project/DefaultProjectBeanInfo> (0x000000008cc637d8) thrown at [./src/hotspot/share/classfile/systemDictionary.cpp, line 231]
Event: 34.478 Thread 0x00000271b54fe800 Exception <a 'java/lang/ClassNotFoundException'{0x000000008cc925d0}: org/gradle/api/internal/project/DefaultProjectCustomizer> (0x000000008cc925d0) thrown at [./src/hotspot/share/classfile/systemDictionary.cpp, line 231]
Event: 34.487 Thread 0x00000271b54fe800 Exception <a 'java/lang/ClassNotFoundException'{0x000000008cb56b30}: org/gradle/api/internal/project/DefaultProject_DecoratedCustomizer> (0x000000008cb56b30) thrown at [./src/hotspot/share/classfile/systemDictionary.cpp, line 231]
Event: 34.582 Thread 0x00000271b54fe800 Exception <a 'java/lang/ClassNotFoundException'{0x000000008c8e3418}: org/gradle/api/tasks/Delete_DecoratedBeanInfo> (0x000000008c8e3418) thrown at [./src/hotspot/share/classfile/systemDictionary.cpp, line 231]
Event: 34.583 Thread 0x00000271b54fe800 Exception <a 'java/lang/ClassNotFoundException'{0x000000008c70e7f0}: org/gradle/api/tasks/DeleteBeanInfo> (0x000000008c70e7f0) thrown at [./src/hotspot/share/classfile/systemDictionary.cpp, line 231]
Event: 34.584 Thread 0x00000271b54fe800 Exception <a 'java/lang/ClassNotFoundException'{0x000000008c73d238}: org/gradle/api/internal/ConventionTaskBeanInfo> (0x000000008c73d238) thrown at [./src/hotspot/share/classfile/systemDictionary.cpp, line 231]
Event: 34.585 Thread 0x00000271b54fe800 Exception <a 'java/lang/ClassNotFoundException'{0x000000008c767820}: org/gradle/api/DefaultTaskBeanInfo> (0x000000008c767820) thrown at [./src/hotspot/share/classfile/systemDictionary.cpp, line 231]
Event: 34.586 Thread 0x00000271b54fe800 Exception <a 'java/lang/ClassNotFoundException'{0x000000008c796418}: org/gradle/api/internal/AbstractTaskBeanInfo> (0x000000008c796418) thrown at [./src/hotspot/share/classfile/systemDictionary.cpp, line 231]
Event: 34.601 Thread 0x00000271b54fe800 Exception <a 'java/lang/ClassNotFoundException'{0x000000008c7c52c0}: org/gradle/api/internal/AbstractTaskCustomizer> (0x000000008c7c52c0) thrown at [./src/hotspot/share/classfile/systemDictionary.cpp, line 231]
Event: 34.610 Thread 0x00000271b54fe800 Exception <a 'java/lang/ClassNotFoundException'{0x000000008c63b0a8}: org/gradle/api/DefaultTaskCustomizer> (0x000000008c63b0a8) thrown at [./src/hotspot/share/classfile/systemDictionary.cpp, line 231]
Event: 34.618 Thread 0x00000271b54fe800 Exception <a 'java/lang/ClassNotFoundException'{0x000000008c6be610}: org/gradle/api/internal/ConventionTaskCustomizer> (0x000000008c6be610) thrown at [./src/hotspot/share/classfile/systemDictionary.cpp, line 231]
Event: 34.620 Thread 0x00000271b54fe800 Exception <a 'java/lang/ClassNotFoundException'{0x000000008c6f8788}: org/gradle/api/tasks/DeleteCustomizer> (0x000000008c6f8788) thrown at [./src/hotspot/share/classfile/systemDictionary.cpp, line 231]
Event: 34.623 Thread 0x00000271b54fe800 Exception <a 'java/lang/ClassNotFoundException'{0x000000008c539d48}: org/gradle/api/tasks/Delete_DecoratedCustomizer> (0x000000008c539d48) thrown at [./src/hotspot/share/classfile/systemDictionary.cpp, line 231]

Events (20 events):
Event: 34.619 loading class org/gradle/api/tasks/DeleteCustomizer
Event: 34.619 loading class org/gradle/api/tasks/DeleteCustomizer done
Event: 34.619 loading class org/gradle/api/tasks/DeleteCustomizer
Event: 34.619 loading class org/gradle/api/tasks/DeleteCustomizer done
Event: 34.619 loading class org/gradle/api/tasks/DeleteCustomizer
Event: 34.619 loading class org/gradle/api/tasks/DeleteCustomizer done
Event: 34.620 loading class org/gradle/api/tasks/DeleteCustomizer
Event: 34.620 loading class org/gradle/api/tasks/DeleteCustomizer done
Event: 34.621 loading class org/gradle/api/tasks/Delete_DecoratedCustomizer
Event: 34.621 loading class org/gradle/api/tasks/Delete_DecoratedCustomizer done
Event: 34.622 loading class org/gradle/api/tasks/Delete_DecoratedCustomizer
Event: 34.622 loading class org/gradle/api/tasks/Delete_DecoratedCustomizer done
Event: 34.622 loading class org/gradle/api/tasks/Delete_DecoratedCustomizer
Event: 34.622 loading class org/gradle/api/tasks/Delete_DecoratedCustomizer done
Event: 34.623 loading class org/gradle/api/tasks/Delete_DecoratedCustomizer
Event: 34.623 loading class org/gradle/api/tasks/Delete_DecoratedCustomizer done
Event: 34.626 loading class org/codehaus/groovy/ast/tools/GeneralUtils
Event: 34.626 loading class org/codehaus/groovy/ast/tools/GeneralUtils done
Event: 34.629 loading class org/codehaus/groovy/ast/stmt/EmptyStatement
Event: 34.629 loading class org/codehaus/groovy/ast/stmt/EmptyStatement done


Dynamic libraries:
0x00007ff71ae10000 - 0x00007ff71ae1a000 	C:\Program Files\Android\Android Studio\jre\bin\java.exe
0x00007ffff0cd0000 - 0x00007ffff0ec5000 	C:\Windows\SYSTEM32\ntdll.dll
0x00007fffeeef0000 - 0x00007fffeefad000 	C:\Windows\System32\KERNEL32.DLL
0x00007fffee7e0000 - 0x00007fffeeaad000 	C:\Windows\System32\KERNELBASE.dll
0x00007fffeb560000 - 0x00007fffeb5f0000 	C:\Windows\SYSTEM32\apphelp.dll
0x00007fffeeb50000 - 0x00007fffeec50000 	C:\Windows\System32\ucrtbase.dll
0x00007fffc0e00000 - 0x00007fffc0e19000 	C:\Program Files\Android\Android Studio\jre\bin\jli.dll
0x00007ffff09c0000 - 0x00007ffff0b60000 	C:\Windows\System32\USER32.dll
0x00007fffeec50000 - 0x00007fffeec72000 	C:\Windows\System32\win32u.dll
0x00007fffef8f0000 - 0x00007fffef91a000 	C:\Windows\System32\GDI32.dll
0x00007fffee6d0000 - 0x00007fffee7db000 	C:\Windows\System32\gdi32full.dll
0x00007fffeeab0000 - 0x00007fffeeb4d000 	C:\Windows\System32\msvcp_win.dll
0x00007fffb5b90000 - 0x00007fffb5ba7000 	C:\Program Files\Android\Android Studio\jre\bin\VCRUNTIME140.dll
0x00007fffdb940000 - 0x00007fffdbbda000 	C:\Windows\WinSxS\amd64_microsoft.windows.common-controls_6595b64144ccf1df_6.0.19041.1110_none_60b5254171f9507e\COMCTL32.dll
0x00007fffef570000 - 0x00007fffef60e000 	C:\Windows\System32\msvcrt.dll
0x00007fffefeb0000 - 0x00007fffefee0000 	C:\Windows\System32\IMM32.DLL
0x00007fff60f20000 - 0x00007fff60fbd000 	C:\Program Files\Android\Android Studio\jre\bin\msvcp140.dll
0x00007fff83600000 - 0x00007fff840e5000 	C:\Program Files\Android\Android Studio\jre\bin\server\jvm.dll
0x00007fffef840000 - 0x00007fffef8ee000 	C:\Windows\System32\ADVAPI32.dll
0x00007ffff07f0000 - 0x00007ffff088c000 	C:\Windows\System32\sechost.dll
0x00007fffeedb0000 - 0x00007fffeeed5000 	C:\Windows\System32\RPCRT4.dll
0x00007ffff0630000 - 0x00007ffff0638000 	C:\Windows\System32\PSAPI.DLL
0x00007fffd8970000 - 0x00007fffd8979000 	C:\Windows\SYSTEM32\WSOCK32.dll
0x00007fffefc80000 - 0x00007fffefceb000 	C:\Windows\System32\WS2_32.dll
0x00007fffe4cd0000 - 0x00007fffe4cf7000 	C:\Windows\SYSTEM32\WINMM.dll
0x00007fffe4490000 - 0x00007fffe449a000 	C:\Windows\SYSTEM32\VERSION.dll
0x00007fffecc60000 - 0x00007fffecc72000 	C:\Windows\SYSTEM32\kernel.appcore.dll
0x00007fffe4e20000 - 0x00007fffe4e31000 	C:\Program Files\Android\Android Studio\jre\bin\verify.dll
0x00007fffeb7f0000 - 0x00007fffeb9d4000 	C:\Windows\SYSTEM32\DBGHELP.DLL
0x00007fffd8b30000 - 0x00007fffd8b5c000 	C:\Windows\SYSTEM32\dbgcore.DLL
0x00007fffee640000 - 0x00007fffee6c2000 	C:\Windows\System32\bcryptPrimitives.dll
0x00007fffe4d90000 - 0x00007fffe4db9000 	C:\Program Files\Android\Android Studio\jre\bin\java.dll
0x00007fffe9b20000 - 0x00007fffe9b2b000 	C:\Program Files\Android\Android Studio\jre\bin\jimage.dll
0x00007fffd97a0000 - 0x00007fffd97b8000 	C:\Program Files\Android\Android Studio\jre\bin\zip.dll
0x00007fffefee0000 - 0x00007ffff0624000 	C:\Windows\System32\SHELL32.dll
0x00007fffec4c0000 - 0x00007fffecc54000 	C:\Windows\SYSTEM32\windows.storage.dll
0x00007fffef920000 - 0x00007fffefc74000 	C:\Windows\System32\combase.dll
0x00007fffedd70000 - 0x00007fffedd9c000 	C:\Windows\SYSTEM32\Wldp.dll
0x00007fffef610000 - 0x00007fffef6bd000 	C:\Windows\System32\SHCORE.dll
0x00007fffeefb0000 - 0x00007fffef005000 	C:\Windows\System32\shlwapi.dll
0x00007fffee320000 - 0x00007fffee33f000 	C:\Windows\SYSTEM32\profapi.dll
0x00007fffd96f0000 - 0x00007fffd970a000 	C:\Program Files\Android\Android Studio\jre\bin\net.dll
0x00007fffdb580000 - 0x00007fffdb68a000 	C:\Windows\SYSTEM32\WINHTTP.dll
0x00007fffedad0000 - 0x00007fffedb3a000 	C:\Windows\system32\mswsock.dll
0x00007fffd1180000 - 0x00007fffd1194000 	C:\Program Files\Android\Android Studio\jre\bin\nio.dll
0x00007fffb4bd0000 - 0x00007fffb4bf7000 	C:\Users\alaae\.gradle\native\e1d6ef7f7dcc3fd88c89a11ec53ec762bb8ba0a96d01ffa2cd45eb1d1d8dd5c5\windows-amd64\native-platform.dll
0x00007fffcd940000 - 0x00007fffcda84000 	C:\Users\alaae\.gradle\native\5664cfc778a61ccfe75a443a1ab52a65af34e5dc3c78e0209fed803814484fcb\windows-amd64\native-platform-file-events.dll
0x00007fffe7f30000 - 0x00007fffe7f3a000 	C:\Program Files\Android\Android Studio\jre\bin\management.dll
0x00007fffe6410000 - 0x00007fffe641d000 	C:\Program Files\Android\Android Studio\jre\bin\management_ext.dll
0x00007fffedcc0000 - 0x00007fffedcd8000 	C:\Windows\SYSTEM32\CRYPTSP.dll
0x00007fffed450000 - 0x00007fffed484000 	C:\Windows\system32\rsaenh.dll
0x00007fffeec80000 - 0x00007fffeeca7000 	C:\Windows\System32\bcrypt.dll
0x00007fffee2a0000 - 0x00007fffee2ce000 	C:\Windows\SYSTEM32\USERENV.dll
0x00007fffedce0000 - 0x00007fffedcec000 	C:\Windows\SYSTEM32\CRYPTBASE.dll
0x00007fffed7c0000 - 0x00007fffed7fb000 	C:\Windows\SYSTEM32\IPHLPAPI.DLL
0x00007fffeeee0000 - 0x00007fffeeee8000 	C:\Windows\System32\NSI.dll
0x00007fffe8490000 - 0x00007fffe84a7000 	C:\Windows\SYSTEM32\dhcpcsvc6.DLL
0x00007fffe8360000 - 0x00007fffe837d000 	C:\Windows\SYSTEM32\dhcpcsvc.DLL
0x00007fffed800000 - 0x00007fffed8cb000 	C:\Windows\SYSTEM32\DNSAPI.dll

dbghelp: loaded successfully - version: 4.0.5 - missing functions: none
symbol engine: initialized successfully - sym options: 0x614 - pdb path: .;C:\Program Files\Android\Android Studio\jre\bin;C:\Windows\SYSTEM32;C:\Windows\WinSxS\amd64_microsoft.windows.common-controls_6595b64144ccf1df_6.0.19041.1110_none_60b5254171f9507e;C:\Program Files\Android\Android Studio\jre\bin\server;C:\Users\alaae\.gradle\native\e1d6ef7f7dcc3fd88c89a11ec53ec762bb8ba0a96d01ffa2cd45eb1d1d8dd5c5\windows-amd64;C:\Users\alaae\.gradle\native\5664cfc778a61ccfe75a443a1ab52a65af34e5dc3c78e0209fed803814484fcb\windows-amd64

VM Arguments:
jvm_args: --add-opens=java.base/java.util=ALL-UNNAMED --add-opens=java.base/java.lang=ALL-UNNAMED --add-opens=java.base/java.lang.invoke=ALL-UNNAMED --add-opens=java.base/java.util=ALL-UNNAMED --add-opens=java.prefs/java.util.prefs=ALL-UNNAMED --add-opens=java.prefs/java.util.prefs=ALL-UNNAMED --add-opens=java.base/java.nio.charset=ALL-UNNAMED --add-opens=java.base/java.net=ALL-UNNAMED --add-opens=java.base/java.util.concurrent.atomic=ALL-UNNAMED -Xmx2048m -Dfile.encoding=UTF-8 -Duser.country=US -Duser.language=en -Duser.variant 
java_command: org.gradle.launcher.daemon.bootstrap.GradleDaemon 7.3.3
java_class_path (initial): C:\Users\alaae\.gradle\wrapper\dists\gradle-7.3.3-bin\6a41zxkdtcxs8rphpq6y0069z\gradle-7.3.3\lib\gradle-launcher-7.3.3.jar
Launcher Type: SUN_STANDARD

[Global flags]
     intx CICompilerCount                          = 3                                         {product} {ergonomic}
     uint ConcGCThreads                            = 1                                         {product} {ergonomic}
     uint G1ConcRefinementThreads                  = 4                                         {product} {ergonomic}
   size_t G1HeapRegionSize                         = 1048576                                   {product} {ergonomic}
    uintx GCDrainStackTargetSize                   = 64                                        {product} {ergonomic}
   size_t InitialHeapSize                          = 268435456                                 {product} {ergonomic}
   size_t MarkStackSize                            = 4194304                                   {product} {ergonomic}
   size_t MaxHeapSize                              = 2147483648                                {product} {command line}
   size_t MaxNewSize                               = 1287651328                                {product} {ergonomic}
   size_t MinHeapDeltaBytes                        = 1048576                                   {product} {ergonomic}
    uintx NonNMethodCodeHeapSize                   = 5830732                                {pd product} {ergonomic}
    uintx NonProfiledCodeHeapSize                  = 122913754                              {pd product} {ergonomic}
    uintx ProfiledCodeHeapSize                     = 122913754                              {pd product} {ergonomic}
    uintx ReservedCodeCacheSize                    = 251658240                              {pd product} {ergonomic}
     bool SegmentedCodeCache                       = true                                      {product} {ergonomic}
     bool UseCompressedClassPointers               = true                                 {lp64_product} {ergonomic}
     bool UseCompressedOops                        = true                                 {lp64_product} {ergonomic}
     bool UseG1GC                                  = true                                      {product} {ergonomic}
     bool UseLargePagesIndividualAllocation        = false                                  {pd product} {ergonomic}

Logging:
Log output configuration:
 #0: stdout all=warning uptime,level,tags
 #1: stderr all=off uptime,level,tags

Environment Variables:
JAVA_HOME=C:\Program Files\Android\Android Studio\jre\bin
PATH=C:\Windows\system32;C:\Windows;C:\Windows\System32\Wbem;C:\Windows\System32\WindowsPowerShell\v1.0\;C:\Windows\System32\OpenSSH\;C:\Program Files\Git\cmd;C:\flutter\bin;C:\Program Files\jdk\bin;C:\Program Files (x86)\ZeroTier\One\;"C:\Users\alaae\AppData\Local\Microsoft\WindowsApps;C:\flutter\bin;C:\Program Files\jdk\bin;";C:\Users\alaae\AppData\Local\Programs\Microsoft VS Code\bin;
USERNAME=alaae
OS=Windows_NT
PROCESSOR_IDENTIFIER=Intel64 Family 6 Model 78 Stepping 3, GenuineIntel



---------------  S Y S T E M  ---------------

OS: Windows 10 , 64 bit Build 19041 (10.0.19041.1706)
OS uptime: 1 days 9:16 hours

CPU:total 4 (initial active 4) (2 cores per cpu, 2 threads per core) family 6 model 78 stepping 3 microcode 0xcc, cmov, cx8, fxsr, mmx, sse, sse2, sse3, ssse3, sse4.1, sse4.2, popcnt, avx, avx2, aes, clmul, erms, rtm, 3dnowpref, lzcnt, ht, tsc, tscinvbit, bmi1, bmi2, adx, fma

Memory: 4k page, system-wide physical 16276M (444M free)
TotalPageFile size 29061M (AvailPageFile size 0M)
current process WorkingSet (physical memory assigned to process): 346M, peak: 346M
current process commit charge ("private bytes"): 443M, peak: 444M

vm_info: OpenJDK 64-Bit Server VM (11.0.12+7-b1504.28-7817840) for windows-amd64 JRE (11.0.12+7-b1504.28-7817840), built on Oct 13 2021 22:12:33 by "builder" with MS VC++ 14.0 (VS2015)

END.
